  [1m[35mSQL (0.3ms)[0m  [1m[35mSET search_path TO public /*application='Backend'*/[0m
  [1m[35m (178.4ms)[0m  [1m[35mCREATE DATABASE "time-capsule_development" ENCODING = 'unicode' /*application='Backend'*/[0m
  [1m[35mSQL (0.0ms)[0m  [1m[35mSET search_path TO public /*application='Backend'*/[0m
  [1m[35m (56.8ms)[0m  [1m[35mCREATE DATABASE "time-capsule_test" ENCODING = 'unicode' /*application='Backend'*/[0m
Started GET "/" for ::1 at 2026-03-25 15:50:04 -0300
  [1m[35m (20.2ms)[0m  [1m[35mCREATE TABLE "schema_migrations" ("version" character varying NOT NULL PRIMARY KEY) /*application='Backend'*/[0m
  [1m[35m (3.3ms)[0m  [1m[35mCREATE TABLE "ar_internal_metadata" ("key" character varying NOT NULL PRIMARY KEY, "value" character varying, "created_at" timestamp(6) NOT NULL, "updated_at" timestamp(6) NOT NULL) /*application='Backend'*/[0m
  [1m[36mActiveRecord::SchemaMigration Load (0.8ms)[0m  [1m[34mSELECT "schema_migrations"."version" FROM "schema_migrations" ORDER BY "schema_migrations"."version" ASC /*application='Backend'*/[0m
Processing by Rails::WelcomeController#index as HTML
  Rendering /Users/anaclimgo/.local/share/mise/installs/ruby/3.4.7/lib/ruby/gems/3.4.0/gems/railties-8.1.3/lib/rails/templates/rails/welcome/index.html.erb
  Rendered /Users/anaclimgo/.local/share/mise/installs/ruby/3.4.7/lib/ruby/gems/3.4.0/gems/railties-8.1.3/lib/rails/templates/rails/welcome/index.html.erb (Duration: 0.3ms | GC: 0.0ms)
Completed 200 OK in 19ms (Views: 5.3ms | ActiveRecord: 0.0ms (0 queries, 0 cached) | GC: 1.3ms)


Started GET "/icon.png" for ::1 at 2026-03-25 15:50:05 -0300
  
ActionController::RoutingError (No route matches [GET] "/icon.png"):
  
  [1m[35m (1.1ms)[0m  [1m[34mSELECT pg_try_advisory_lock(1798962146843421840) /*application='Backend'*/[0m
  [1m[36mActiveRecord::SchemaMigration Load (2.4ms)[0m  [1m[34mSELECT "schema_migrations"."version" FROM "schema_migrations" ORDER BY "schema_migrations"."version" ASC /*application='Backend'*/[0m
  [1m[36mActiveRecord::InternalMetadata Load (3.5ms)[0m  [1m[34mSELECT * FROM "ar_internal_metadata" WHERE "ar_internal_metadata"."key" = 'environment' ORDER BY "ar_internal_metadata"."key" ASC LIMIT 1 /*application='Backend'*/[0m
  [1m[36mActiveRecord::InternalMetadata Create (2.4ms)[0m  [1m[32mINSERT INTO "ar_internal_metadata" ("key", "value", "created_at", "updated_at") VALUES ('environment', 'development', '2026-03-26 19:46:37.960251', '2026-03-26 19:46:37.960253') RETURNING "key" /*application='Backend'*/[0m
Migrating to DeviseCreateUsers (20260326194606)
  [1m[36mTRANSACTION (0.1ms)[0m  [1m[35mBEGIN /*application='Backend'*/[0m
  [1m[35m (19.1ms)[0m  [1m[35mCREATE TABLE "users" ("id" bigserial primary key, "email" character varying DEFAULT '' NOT NULL, "encrypted_password" character varying DEFAULT '' NOT NULL, "reset_password_token" character varying, "reset_password_sent_at" timestamp(6), "remember_created_at" timestamp(6), "created_at" timestamp(6) NOT NULL, "updated_at" timestamp(6) NOT NULL) /*application='Backend'*/[0m
  [1m[35m (1.2ms)[0m  [1m[35mCREATE UNIQUE INDEX "index_users_on_email" ON "users" ("email") /*application='Backend'*/[0m
  [1m[35m (1.2ms)[0m  [1m[35mCREATE UNIQUE INDEX "index_users_on_reset_password_token" ON "users" ("reset_password_token") /*application='Backend'*/[0m
  [1m[36mActiveRecord::SchemaMigration Create (0.7ms)[0m  [1m[32mINSERT INTO "schema_migrations" ("version") VALUES ('20260326194606') RETURNING "version" /*application='Backend'*/[0m
  [1m[36mTRANSACTION (0.4ms)[0m  [1m[35mCOMMIT /*application='Backend'*/[0m
  [1m[35m (0.7ms)[0m  [1m[34mSELECT pg_advisory_unlock(1798962146843421840) /*application='Backend'*/[0m
  [1m[36mActiveRecord::SchemaMigration Load (0.2ms)[0m  [1m[34mSELECT "schema_migrations"."version" FROM "schema_migrations" ORDER BY "schema_migrations"."version" ASC /*application='Backend'*/[0m
  [1m[35mSQL (0.1ms)[0m  [1m[35mSET search_path TO public /*application='Backend'*/[0m
  [1m[35mSQL (0.1ms)[0m  [1m[35mSET search_path TO "$user", public /*application='Backend'*/[0m
  [1m[35mSQL (0.1ms)[0m  [1m[35mSET search_path TO public /*application='Backend'*/[0m
  [1m[35mSQL (0.1ms)[0m  [1m[35mSET search_path TO "$user", public /*application='Backend'*/[0m
  [1m[35m (0.6ms)[0m  [1m[34mSELECT pg_try_advisory_lock(1798962146843421840) /*application='Backend'*/[0m
  [1m[36mActiveRecord::SchemaMigration Load (1.8ms)[0m  [1m[34mSELECT "schema_migrations"."version" FROM "schema_migrations" ORDER BY "schema_migrations"."version" ASC /*application='Backend'*/[0m
  [1m[36mActiveRecord::InternalMetadata Load (1.3ms)[0m  [1m[34mSELECT * FROM "ar_internal_metadata" WHERE "ar_internal_metadata"."key" = 'environment' ORDER BY "ar_internal_metadata"."key" ASC LIMIT 1 /*application='Backend'*/[0m
Migrating to CreateLetters (20260327165426)
  [1m[36mTRANSACTION (0.1ms)[0m  [1m[35mBEGIN /*application='Backend'*/[0m
  [1m[35m (21.2ms)[0m  [1m[35mCREATE TABLE "letters" ("id" bigserial primary key, "content" text, "sender" character varying, "recipient" character varying, "deliver_at" timestamp(6), "readable_at" timestamp(6), "delivered" boolean, "user_id" bigint NOT NULL, "created_at" timestamp(6) NOT NULL, "updated_at" timestamp(6) NOT NULL, CONSTRAINT "fk_rails_0236efdee3"
FOREIGN KEY ("user_id")
  REFERENCES "users" ("id")
) /*application='Backend'*/[0m
  [1m[35m (1.6ms)[0m  [1m[35mCREATE INDEX "index_letters_on_user_id" ON "letters" ("user_id") /*application='Backend'*/[0m
  [1m[36mActiveRecord::SchemaMigration Create (0.2ms)[0m  [1m[32mINSERT INTO "schema_migrations" ("version") VALUES ('20260327165426') RETURNING "version" /*application='Backend'*/[0m
  [1m[36mTRANSACTION (0.7ms)[0m  [1m[35mCOMMIT /*application='Backend'*/[0m
  [1m[35m (0.3ms)[0m  [1m[34mSELECT pg_advisory_unlock(1798962146843421840) /*application='Backend'*/[0m
  [1m[36mActiveRecord::SchemaMigration Load (0.1ms)[0m  [1m[34mSELECT "schema_migrations"."version" FROM "schema_migrations" ORDER BY "schema_migrations"."version" ASC /*application='Backend'*/[0m
  [1m[35mSQL (0.1ms)[0m  [1m[35mSET search_path TO public /*application='Backend'*/[0m
  [1m[35mSQL (0.1ms)[0m  [1m[35mSET search_path TO "$user", public /*application='Backend'*/[0m
  [1m[35mSQL (0.1ms)[0m  [1m[35mSET search_path TO public /*application='Backend'*/[0m
  [1m[35mSQL (0.1ms)[0m  [1m[35mSET search_path TO "$user", public /*application='Backend'*/[0m
Started GET "/" for ::1 at 2026-03-27 15:06:30 -0300
  [1m[36mActiveRecord::SchemaMigration Load (0.8ms)[0m  [1m[34mSELECT "schema_migrations"."version" FROM "schema_migrations" ORDER BY "schema_migrations"."version" ASC /*application='Backend'*/[0m
  
NameError (uninitialized constant Devise::JWT):
  
app/models/user.rb:2:in '<class:User>'
app/models/user.rb:1:in '<main>'
config/routes.rb:2:in 'block in <main>'
config/routes.rb:1:in '<main>'
Started GET "/favicon.ico" for ::1 at 2026-03-27 15:06:31 -0300
  
ActionController::RoutingError (No route matches [GET] "/favicon.ico"):
  
Started GET "/" for ::1 at 2026-03-27 15:09:50 -0300
  [1m[36mActiveRecord::SchemaMigration Load (0.7ms)[0m  [1m[34mSELECT "schema_migrations"."version" FROM "schema_migrations" ORDER BY "schema_migrations"."version" ASC /*application='Backend'*/[0m
Processing by Rails::WelcomeController#index as HTML
  Rendering /Users/anaclimgo/.local/share/mise/installs/ruby/3.4.7/lib/ruby/gems/3.4.0/gems/railties-8.1.3/lib/rails/templates/rails/welcome/index.html.erb
  Rendered /Users/anaclimgo/.local/share/mise/installs/ruby/3.4.7/lib/ruby/gems/3.4.0/gems/railties-8.1.3/lib/rails/templates/rails/welcome/index.html.erb (Duration: 0.5ms | GC: 0.0ms)
Completed 200 OK in 11ms (Views: 3.1ms | ActiveRecord: 0.0ms (0 queries, 0 cached) | GC: 0.3ms)


Started GET "/icon.png" for ::1 at 2026-03-27 15:09:50 -0300
  
ActionController::RoutingError (No route matches [GET] "/icon.png"):
  
Started GET "/" for ::1 at 2026-03-27 16:44:44 -0300
  [1m[36mActiveRecord::SchemaMigration Load (1.3ms)[0m  [1m[34mSELECT "schema_migrations"."version" FROM "schema_migrations" ORDER BY "schema_migrations"."version" ASC /*application='Backend'*/[0m
Processing by Rails::WelcomeController#index as HTML
  Rendering /Users/anaclimgo/.local/share/mise/installs/ruby/3.4.7/lib/ruby/gems/3.4.0/gems/railties-8.1.3/lib/rails/templates/rails/welcome/index.html.erb
  Rendered /Users/anaclimgo/.local/share/mise/installs/ruby/3.4.7/lib/ruby/gems/3.4.0/gems/railties-8.1.3/lib/rails/templates/rails/welcome/index.html.erb (Duration: 0.8ms | GC: 0.0ms)
Completed 200 OK in 12ms (Views: 4.2ms | ActiveRecord: 0.0ms (0 queries, 0 cached) | GC: 0.0ms)


Started POST "/users/login" for ::1 at 2026-03-29 13:59:59 -0300
  [1m[36mActiveRecord::SchemaMigration Load (1.9ms)[0m  [1m[34mSELECT "schema_migrations"."version" FROM "schema_migrations" ORDER BY "schema_migrations"."version" ASC /*application='Backend'*/[0m
  
ActionController::RoutingError (No route matches [POST] "/users/login"):
  
Started GET "/letters" for ::1 at 2026-03-29 13:59:59 -0300
Processing by LettersController#index as */*
  Parameters: {"letter" => {}}
Completed 401 Unauthorized in 4ms (ActiveRecord: 35.5ms (0 queries, 0 cached) | GC: 0.0ms)


Started GET "/letters" for ::1 at 2026-03-29 14:00:00 -0300
Processing by LettersController#index as */*
  Parameters: {"letter" => {}}
Completed 401 Unauthorized in 0ms (ActiveRecord: 0.0ms (0 queries, 0 cached) | GC: 0.0ms)


Started GET "/users/sign_in" for ::1 at 2026-03-29 14:00:00 -0300
Processing by Users::SessionsController#new as */*
  Parameters: {"session" => {}}
Completed 401 Unauthorized in 44ms (Views: 0.1ms | ActiveRecord: 27.4ms (0 queries, 0 cached) | GC: 0.0ms)


Started GET "/users/sign_in" for ::1 at 2026-03-29 14:00:00 -0300
Processing by Users::SessionsController#new as */*
  Parameters: {"session" => {}}
Completed 401 Unauthorized in 0ms (Views: 0.0ms | ActiveRecord: 0.0ms (0 queries, 0 cached) | GC: 0.0ms)


Started POST "/letters" for ::1 at 2026-03-29 14:00:24 -0300
Processing by LettersController#create as */*
  Parameters: {"letter" => {"content" => "vai dar certo amg", "sender" => "eu", "recipient" => "eu depois", "deliver_at" => "2026-03-30"}}
Completed 401 Unauthorized in 1ms (ActiveRecord: 0.0ms (0 queries, 0 cached) | GC: 0.0ms)


Started GET "/users/sign_in" for ::1 at 2026-03-29 14:00:24 -0300
Processing by Users::SessionsController#new as */*
Completed 401 Unauthorized in 1ms (Views: 0.1ms | ActiveRecord: 0.0ms (0 queries, 0 cached) | GC: 0.0ms)


Started POST "/users" for ::1 at 2026-03-29 14:08:00 -0300
Processing by Users::RegistrationsController#create as */*
  Parameters: {"user" => {"email" => "[FILTERED]", "password" => "[FILTERED]"}, "registration" => {"user" => {"email" => "[FILTERED]", "password" => "[FILTERED]"}}}
  [1m[36mTRANSACTION (0.1ms)[0m  [1m[35mBEGIN /*action='create',application='Backend',controller='registrations'*/[0m
  [1m[36mUser Create (7.0ms)[0m  [1m[32mINSERT INTO "users" ("email", "encrypted_password", "reset_password_token", "reset_password_sent_at", "remember_created_at", "created_at", "updated_at") VALUES ('anaclimgo@gmail.com', '$2a$12$3laGV64IubTX8tK1zB2Jpe.lO4rRsrAhXXGwNhGbhv4h47gSx0O/i', NULL, NULL, NULL, '2026-03-29 17:08:01.066668', '2026-03-29 17:08:01.066668') RETURNING "id" /*action='create',application='Backend',controller='registrations'*/[0m
  [1m[36mTRANSACTION (1.0ms)[0m  [1m[35mCOMMIT /*action='create',application='Backend',controller='registrations'*/[0m
Completed 200 OK in 328ms (Views: 0.6ms | ActiveRecord: 33.5ms (1 query, 0 cached) | GC: 0.0ms)


Started POST "/users/login" for ::1 at 2026-03-29 14:08:01 -0300
  
ActionController::RoutingError (No route matches [POST] "/users/login"):
  
Started GET "/letters" for ::1 at 2026-03-29 14:08:01 -0300
Processing by LettersController#index as */*
  Parameters: {"letter" => {}}
Completed 401 Unauthorized in 0ms (ActiveRecord: 0.0ms (0 queries, 0 cached) | GC: 0.0ms)


Started GET "/letters" for ::1 at 2026-03-29 14:08:01 -0300
Started GET "/users/sign_in" for ::1 at 2026-03-29 14:08:01 -0300
Processing by Users::SessionsController#new as */*
  Parameters: {"session" => {}}
Completed 401 Unauthorized in 0ms (Views: 0.1ms | ActiveRecord: 0.0ms (0 queries, 0 cached) | GC: 0.0ms)


Processing by LettersController#index as */*
  Parameters: {"letter" => {}}
Completed 401 Unauthorized in 1ms (ActiveRecord: 0.0ms (0 queries, 0 cached) | GC: 0.0ms)


Started GET "/users/sign_in" for ::1 at 2026-03-29 14:08:01 -0300
Processing by Users::SessionsController#new as */*
  Parameters: {"session" => {}}
Completed 401 Unauthorized in 0ms (Views: 0.0ms | ActiveRecord: 0.0ms (0 queries, 0 cached) | GC: 0.0ms)


Started POST "/letters" for ::1 at 2026-03-29 14:08:25 -0300
Processing by LettersController#create as */*
  Parameters: {"letter" => {"content" => "vai dar certo amg", "sender" => "eu", "recipient" => "eu depois", "deliver_at" => "2026-03-30"}}
Completed 401 Unauthorized in 0ms (ActiveRecord: 0.0ms (0 queries, 0 cached) | GC: 0.0ms)


Started GET "/users/sign_in" for ::1 at 2026-03-29 14:08:25 -0300
Processing by Users::SessionsController#new as */*
Completed 401 Unauthorized in 1ms (Views: 0.1ms | ActiveRecord: 0.0ms (0 queries, 0 cached) | GC: 0.0ms)


Started POST "/users" for ::1 at 2026-03-29 14:12:42 -0300
Processing by Users::RegistrationsController#create as */*
  Parameters: {"user" => {"email" => "[FILTERED]", "password" => "[FILTERED]"}, "registration" => {"user" => {"email" => "[FILTERED]", "password" => "[FILTERED]"}}}
  [1m[36mTRANSACTION (7.3ms)[0m  [1m[35mBEGIN /*action='create',application='Backend',controller='registrations'*/[0m
  [1m[36mUser Create (32.0ms)[0m  [1m[32mINSERT INTO "users" ("email", "encrypted_password", "reset_password_token", "reset_password_sent_at", "remember_created_at", "created_at", "updated_at") VALUES ('anaclimgo@gmail.com', '$2a$12$tvFuns8nDY7xU7Cd4uK0Mu8oy6TEB79VM5VoUuddWLbFzncM/Y8le', NULL, NULL, NULL, '2026-03-29 17:12:42.375612', '2026-03-29 17:12:42.375612') RETURNING "id" /*action='create',application='Backend',controller='registrations'*/[0m
  [1m[36mTRANSACTION (0.4ms)[0m  [1m[31mROLLBACK /*action='create',application='Backend',controller='registrations'*/[0m
Completed 500 Internal Server Error in 304ms (ActiveRecord: 39.6ms (1 query, 0 cached) | GC: 0.0ms)


  
ActiveRecord::RecordNotUnique (PG::UniqueViolation: ERROR:  duplicate key value violates unique constraint "index_users_on_email"
DETAIL:  Key (email)=(anaclimgo@gmail.com) already exists.
)
Caused by: PG::UniqueViolation (ERROR:  duplicate key value violates unique constraint "index_users_on_email"
DETAIL:  Key (email)=(anaclimgo@gmail.com) already exists.
)

Information for: ActiveRecord::RecordNotUnique (PG::UniqueViolation: ERROR:  duplicate key value violates unique constraint "index_users_on_email"
DETAIL:  Key (email)=(anaclimgo@gmail.com) already exists.
):
  

Information for cause: PG::UniqueViolation (ERROR:  duplicate key value violates unique constraint "index_users_on_email"
DETAIL:  Key (email)=(anaclimgo@gmail.com) already exists.
):
  
activerecord (8.1.3) lib/active_record/connection_adapters/postgresql/database_statements.rb:167:in 'PG::Connection#exec'
activerecord (8.1.3) lib/active_record/connection_adapters/postgresql/database_statements.rb:167:in 'ActiveRecord::ConnectionAdapters::PostgreSQL::DatabaseStatements#perform_query'
activerecord (8.1.3) lib/active_record/connection_adapters/abstract/database_statements.rb:571:in 'block (2 levels) in ActiveRecord::ConnectionAdapters::DatabaseStatements#raw_execute'
activerecord (8.1.3) lib/active_record/connection_adapters/abstract_adapter.rb:1086:in 'block in ActiveRecord::ConnectionAdapters::AbstractAdapter#with_raw_connection'
activesupport (8.1.3) lib/active_support/concurrency/null_lock.rb:9:in 'ActiveSupport::Concurrency::NullLock#synchronize'
activerecord (8.1.3) lib/active_record/connection_adapters/abstract_adapter.rb:1055:in 'ActiveRecord::ConnectionAdapters::AbstractAdapter#with_raw_connection'
activerecord (8.1.3) lib/active_record/connection_adapters/abstract/database_statements.rb:570:in 'block in ActiveRecord::ConnectionAdapters::DatabaseStatements#raw_execute'
activesupport (8.1.3) lib/active_support/notifications/instrumenter.rb:58:in 'ActiveSupport::Notifications::Instrumenter#instrument'
activerecord (8.1.3) lib/active_record/connection_adapters/abstract_adapter.rb:1206:in 'ActiveRecord::ConnectionAdapters::AbstractAdapter#log'
activerecord (8.1.3) lib/active_record/connection_adapters/abstract/database_statements.rb:569:in 'ActiveRecord::ConnectionAdapters::DatabaseStatements#raw_execute'
activerecord (8.1.3) lib/active_record/connection_adapters/abstract/database_statements.rb:613:in 'ActiveRecord::ConnectionAdapters::DatabaseStatements#internal_execute'
activerecord (8.1.3) lib/active_record/connection_adapters/abstract/database_statements.rb:555:in 'ActiveRecord::ConnectionAdapters::DatabaseStatements#internal_exec_query'
activerecord (8.1.3) lib/active_record/connection_adapters/abstract/database_statements.rb:162:in 'ActiveRecord::ConnectionAdapters::DatabaseStatements#exec_insert'
activerecord (8.1.3) lib/active_record/connection_adapters/postgresql/database_statements.rb:47:in 'ActiveRecord::ConnectionAdapters::PostgreSQL::DatabaseStatements#exec_insert'
activerecord (8.1.3) lib/active_record/connection_adapters/abstract/database_statements.rb:200:in 'ActiveRecord::ConnectionAdapters::DatabaseStatements#insert'
activerecord (8.1.3) lib/active_record/connection_adapters/abstract/query_cache.rb:25:in 'ActiveRecord::ConnectionAdapters::AbstractAdapter#insert'
activerecord (8.1.3) lib/active_record/persistence.rb:257:in 'ActiveRecord::Persistence::ClassMethods#_insert_record'
activerecord (8.1.3) lib/active_record/persistence.rb:957:in 'block in ActiveRecord::Persistence#_create_record'
activerecord (8.1.3) lib/active_record/connection_adapters/abstract/connection_pool.rb:457:in 'ActiveRecord::ConnectionAdapters::ConnectionPool#with_connection'
activerecord (8.1.3) lib/active_record/connection_handling.rb:313:in 'ActiveRecord::ConnectionHandling#with_connection'
activerecord (8.1.3) lib/active_record/persistence.rb:954:in 'ActiveRecord::Persistence#_create_record'
activerecord (8.1.3) lib/active_record/counter_cache.rb:226:in 'ActiveRecord::CounterCache#_create_record'
activerecord (8.1.3) lib/active_record/locking/optimistic.rb:84:in 'ActiveRecord::Locking::Optimistic#_create_record'
activerecord (8.1.3) lib/active_record/encryption/encryptable_record.rb:184:in 'ActiveRecord::Encryption::EncryptableRecord#_create_record'
activerecord (8.1.3) lib/active_record/attribute_methods/dirty.rb:240:in 'ActiveRecord::AttributeMethods::Dirty#_create_record'
activerecord (8.1.3) lib/active_record/callbacks.rb:445:in 'block in ActiveRecord::Callbacks#_create_record'
activesupport (8.1.3) lib/active_support/callbacks.rb:911:in 'ActiveRecord::Base#_run_create_callbacks'
activerecord (8.1.3) lib/active_record/callbacks.rb:445:in 'ActiveRecord::Callbacks#_create_record'
activerecord (8.1.3) lib/active_record/timestamp.rb:116:in 'ActiveRecord::Timestamp#_create_record'
activerecord (8.1.3) lib/active_record/persistence.rb:925:in 'ActiveRecord::Persistence#create_or_update'
activerecord (8.1.3) lib/active_record/callbacks.rb:441:in 'block in ActiveRecord::Callbacks#create_or_update'
activesupport (8.1.3) lib/active_support/callbacks.rb:911:in 'ActiveRecord::Base#_run_save_callbacks'
activerecord (8.1.3) lib/active_record/callbacks.rb:441:in 'ActiveRecord::Callbacks#create_or_update'
activerecord (8.1.3) lib/active_record/timestamp.rb:127:in 'ActiveRecord::Timestamp#create_or_update'
activerecord (8.1.3) lib/active_record/persistence.rb:391:in 'ActiveRecord::Persistence#save'
activerecord (8.1.3) lib/active_record/validations.rb:48:in 'ActiveRecord::Validations#save'
activerecord (8.1.3) lib/active_record/transactions.rb:381:in 'block in ActiveRecord::Transactions#save'
activerecord (8.1.3) lib/active_record/transactions.rb:438:in 'block (3 levels) in ActiveRecord::Transactions#with_transaction_returning_status'
activerecord (8.1.3) lib/active_record/connection_adapters/abstract/transaction.rb:648:in 'block in ActiveRecord::ConnectionAdapters::TransactionManager#within_new_transaction'
activesupport (8.1.3) lib/active_support/concurrency/null_lock.rb:9:in 'ActiveSupport::Concurrency::NullLock#synchronize'
activerecord (8.1.3) lib/active_record/connection_adapters/abstract/transaction.rb:645:in 'ActiveRecord::ConnectionAdapters::TransactionManager#within_new_transaction'
activerecord (8.1.3) lib/active_record/connection_adapters/abstract/database_statements.rb:386:in 'ActiveRecord::ConnectionAdapters::DatabaseStatements#within_new_transaction'
activerecord (8.1.3) lib/active_record/connection_adapters/abstract/database_statements.rb:378:in 'ActiveRecord::ConnectionAdapters::DatabaseStatements#transaction'
activerecord (8.1.3) lib/active_record/transactions.rb:434:in 'block (2 levels) in ActiveRecord::Transactions#with_transaction_returning_status'
activerecord (8.1.3) lib/active_record/connection_adapters/abstract/connection_pool.rb:485:in 'ActiveRecord::ConnectionAdapters::ConnectionPool#with_pool_transaction_isolation_level'
activerecord (8.1.3) lib/active_record/transactions.rb:430:in 'block in ActiveRecord::Transactions#with_transaction_returning_status'
activerecord (8.1.3) lib/active_record/connection_adapters/abstract/connection_pool.rb:463:in 'ActiveRecord::ConnectionAdapters::ConnectionPool#with_connection'
activerecord (8.1.3) lib/active_record/connection_handling.rb:313:in 'ActiveRecord::ConnectionHandling#with_connection'
activerecord (8.1.3) lib/active_record/transactions.rb:429:in 'ActiveRecord::Transactions#with_transaction_returning_status'
activerecord (8.1.3) lib/active_record/transactions.rb:381:in 'ActiveRecord::Transactions#save'
activerecord (8.1.3) lib/active_record/suppressor.rb:52:in 'ActiveRecord::Suppressor#save'
devise (5.0.3) app/controllers/devise/registrations_controller.rb:19:in 'Devise::RegistrationsController#create'
actionpack (8.1.3) lib/action_controller/metal/basic_implicit_render.rb:8:in 'ActionController::BasicImplicitRender#send_action'
actionpack (8.1.3) lib/abstract_controller/base.rb:221:in 'AbstractController::Base#process_action'
actionpack (8.1.3) lib/action_controller/metal/rendering.rb:199:in 'ActionController::Rendering#process_action'
actionpack (8.1.3) lib/abstract_controller/callbacks.rb:267:in 'block in AbstractController::Callbacks#process_action'
activesupport (8.1.3) lib/active_support/callbacks.rb:110:in 'ActiveSupport::Callbacks#run_callbacks'
actionpack (8.1.3) lib/abstract_controller/callbacks.rb:266:in 'AbstractController::Callbacks#process_action'
actionpack (8.1.3) lib/action_controller/metal/rescue.rb:36:in 'ActionController::Rescue#process_action'
actionpack (8.1.3) lib/action_controller/metal/instrumentation.rb:76:in 'block in ActionController::Instrumentation#process_action'
activesupport (8.1.3) lib/active_support/notifications.rb:210:in 'block in ActiveSupport::Notifications.instrument'
activesupport (8.1.3) lib/active_support/notifications/instrumenter.rb:58:in 'ActiveSupport::Notifications::Instrumenter#instrument'
activesupport (8.1.3) lib/active_support/notifications.rb:210:in 'ActiveSupport::Notifications.instrument'
actionpack (8.1.3) lib/action_controller/metal/instrumentation.rb:75:in 'ActionController::Instrumentation#process_action'
actionpack (8.1.3) lib/action_controller/metal/params_wrapper.rb:259:in 'ActionController::ParamsWrapper#process_action'
activerecord (8.1.3) lib/active_record/railties/controller_runtime.rb:39:in 'ActiveRecord::Railties::ControllerRuntime#process_action'
actionpack (8.1.3) lib/abstract_controller/base.rb:154:in 'AbstractController::Base#process'
actionpack (8.1.3) lib/action_controller/metal.rb:252:in 'ActionController::Metal#dispatch'
actionpack (8.1.3) lib/action_controller/metal.rb:335:in 'ActionController::Metal.dispatch'
actionpack (8.1.3) lib/action_dispatch/routing/route_set.rb:65:in 'ActionDispatch::Routing::RouteSet::Dispatcher#dispatch'
actionpack (8.1.3) lib/action_dispatch/routing/route_set.rb:50:in 'ActionDispatch::Routing::RouteSet::Dispatcher#serve'
actionpack (8.1.3) lib/action_dispatch/routing/mapper.rb:32:in 'block in <class:Constraints>'
actionpack (8.1.3) lib/action_dispatch/routing/mapper.rb:62:in 'ActionDispatch::Routing::Mapper::Constraints#serve'
actionpack (8.1.3) lib/action_dispatch/journey/router.rb:35:in 'block in ActionDispatch::Journey::Router#serve'
actionpack (8.1.3) lib/action_dispatch/journey/router.rb:86:in 'block in ActionDispatch::Journey::Router#recognize'
actionpack (8.1.3) lib/action_dispatch/journey/router.rb:66:in 'Array#each'
actionpack (8.1.3) lib/action_dispatch/journey/router.rb:66:in 'ActionDispatch::Journey::Router#recognize'
actionpack (8.1.3) lib/action_dispatch/journey/router.rb:31:in 'ActionDispatch::Journey::Router#serve'
actionpack (8.1.3) lib/action_dispatch/routing/route_set.rb:906:in 'ActionDispatch::Routing::RouteSet#call'
railties (8.1.3) lib/rails/engine/lazy_route_set.rb:60:in 'Rails::Engine::LazyRouteSet#call'
warden-jwt_auth (0.12.0) lib/warden/jwt_auth/middleware/token_dispatcher.rb:20:in 'Warden::JWTAuth::Middleware::TokenDispatcher#call'
warden-jwt_auth (0.12.0) lib/warden/jwt_auth/middleware/revocation_manager.rb:21:in 'Warden::JWTAuth::Middleware::RevocationManager#call'
rack (3.2.5) lib/rack/builder.rb:283:in 'Rack::Builder#call'
warden-jwt_auth (0.12.0) lib/warden/jwt_auth/middleware.rb:22:in 'Warden::JWTAuth::Middleware#call'
rack-session (2.1.1) lib/rack/session/abstract/id.rb:274:in 'Rack::Session::Abstract::Persisted#context'
rack-session (2.1.1) lib/rack/session/abstract/id.rb:268:in 'Rack::Session::Abstract::Persisted#call'
actionpack (8.1.3) lib/action_dispatch/middleware/cookies.rb:708:in 'ActionDispatch::Cookies#call'
warden (1.2.9) lib/warden/manager.rb:36:in 'block in Warden::Manager#call'
warden (1.2.9) lib/warden/manager.rb:34:in 'Kernel#catch'
warden (1.2.9) lib/warden/manager.rb:34:in 'Warden::Manager#call'
rack (3.2.5) lib/rack/etag.rb:29:in 'Rack::ETag#call'
rack (3.2.5) lib/rack/conditional_get.rb:44:in 'Rack::ConditionalGet#call'
rack (3.2.5) lib/rack/head.rb:15:in 'Rack::Head#call'
activerecord (8.1.3) lib/active_record/migration.rb:671:in 'ActiveRecord::Migration::CheckPending#call'
actionpack (8.1.3) lib/action_dispatch/middleware/callbacks.rb:31:in 'block in ActionDispatch::Callbacks#call'
activesupport (8.1.3) lib/active_support/callbacks.rb:101:in 'ActiveSupport::Callbacks#run_callbacks'
actionpack (8.1.3) lib/action_dispatch/middleware/callbacks.rb:30:in 'ActionDispatch::Callbacks#call'
actionpack (8.1.3) lib/action_dispatch/middleware/executor.rb:20:in 'ActionDispatch::Executor#call'
actionpack (8.1.3) lib/action_dispatch/middleware/actionable_exceptions.rb:18:in 'ActionDispatch::ActionableExceptions#call'
actionpack (8.1.3) lib/action_dispatch/middleware/debug_exceptions.rb:31:in 'ActionDispatch::DebugExceptions#call'
actionpack (8.1.3) lib/action_dispatch/middleware/show_exceptions.rb:32:in 'ActionDispatch::ShowExceptions#call'
railties (8.1.3) lib/rails/rack/logger.rb:41:in 'Rails::Rack::Logger#call_app'
railties (8.1.3) lib/rails/rack/logger.rb:29:in 'Rails::Rack::Logger#call'
actionpack (8.1.3) lib/action_dispatch/middleware/remote_ip.rb:98:in 'ActionDispatch::RemoteIp#call'
actionpack (8.1.3) lib/action_dispatch/middleware/request_id.rb:34:in 'ActionDispatch::RequestId#call'
rack (3.2.5) lib/rack/runtime.rb:24:in 'Rack::Runtime#call'
activesupport (8.1.3) lib/active_support/cache/strategy/local_cache_middleware.rb:30:in 'ActiveSupport::Cache::Strategy::LocalCache::Middleware#call'
actionpack (8.1.3) lib/action_dispatch/middleware/server_timing.rb:61:in 'block in ActionDispatch::ServerTiming#call'
actionpack (8.1.3) lib/action_dispatch/middleware/server_timing.rb:26:in 'ActionDispatch::ServerTiming::Subscriber#collect_events'
actionpack (8.1.3) lib/action_dispatch/middleware/server_timing.rb:60:in 'ActionDispatch::ServerTiming#call'
actionpack (8.1.3) lib/action_dispatch/middleware/executor.rb:20:in 'ActionDispatch::Executor#call'
actionpack (8.1.3) lib/action_dispatch/middleware/static.rb:27:in 'ActionDispatch::Static#call'
rack (3.2.5) lib/rack/sendfile.rb:131:in 'Rack::Sendfile#call'
actionpack (8.1.3) lib/action_dispatch/middleware/host_authorization.rb:143:in 'ActionDispatch::HostAuthorization#call'
rack-cors (3.0.0) lib/rack/cors.rb:102:in 'Rack::Cors#call'
railties (8.1.3) lib/rails/engine.rb:534:in 'Rails::Engine#call'
puma (7.2.0) lib/puma/configuration.rb:296:in 'Puma::Configuration::ConfigMiddleware#call'
puma (7.2.0) lib/puma/request.rb:103:in 'block in Puma::Request#handle_request'
puma (7.2.0) lib/puma/thread_pool.rb:355:in 'Puma::ThreadPool#with_force_shutdown'
puma (7.2.0) lib/puma/request.rb:102:in 'Puma::Request#handle_request'
puma (7.2.0) lib/puma/server.rb:503:in 'Puma::Server#process_client'
puma (7.2.0) lib/puma/server.rb:262:in 'block in Puma::Server#run'
puma (7.2.0) lib/puma/thread_pool.rb:182:in 'block in Puma::ThreadPool#spawn_thread'
Started POST "/users" for ::1 at 2026-03-29 14:16:34 -0300
Processing by Users::RegistrationsController#create as */*
  Parameters: {"user" => {"email" => "[FILTERED]", "password" => "[FILTERED]"}, "registration" => {"user" => {"email" => "[FILTERED]", "password" => "[FILTERED]"}}}
  [1m[36mTRANSACTION (5.6ms)[0m  [1m[35mBEGIN /*action='create',application='Backend',controller='registrations'*/[0m
  [1m[36mUser Create (17.1ms)[0m  [1m[32mINSERT INTO "users" ("email", "encrypted_password", "reset_password_token", "reset_password_sent_at", "remember_created_at", "created_at", "updated_at") VALUES ('anateste@gmail.com', '$2a$12$lomwgwa3iQKMMwdZRGkpOutDqbDVTHgNM9r/sq/L4vyunnUbkqNba', NULL, NULL, NULL, '2026-03-29 17:16:34.442922', '2026-03-29 17:16:34.442922') RETURNING "id" /*action='create',application='Backend',controller='registrations'*/[0m
  [1m[36mTRANSACTION (0.7ms)[0m  [1m[35mCOMMIT /*action='create',application='Backend',controller='registrations'*/[0m
Completed 200 OK in 303ms (Views: 0.3ms | ActiveRecord: 23.4ms (1 query, 0 cached) | GC: 0.0ms)


Started POST "/users/sign_in" for ::1 at 2026-03-29 14:16:34 -0300
Processing by Users::SessionsController#create as */*
  Parameters: {"user" => {"email" => "[FILTERED]", "password" => "[FILTERED]"}, "session" => {"user" => {"email" => "[FILTERED]", "password" => "[FILTERED]"}}}
  [1m[36mUser Load (4.0ms)[0m  [1m[34mSELECT "users".* FROM "users" WHERE "users"."email" = 'anateste@gmail.com' ORDER BY "users"."id" ASC LIMIT 1 /*action='create',application='Backend',controller='sessions'*/[0m
  ↳ app/models/user.rb:17:in 'User.find_for_database_authentication'
Completed 200 OK in 264ms (Views: 0.3ms | ActiveRecord: 4.0ms (1 query, 0 cached) | GC: 0.0ms)


Started GET "/letters" for ::1 at 2026-03-29 14:16:35 -0300
Processing by LettersController#index as */*
  Parameters: {"letter" => {}}
Completed 401 Unauthorized in 1ms (ActiveRecord: 0.0ms (0 queries, 0 cached) | GC: 0.0ms)


Started GET "/letters" for ::1 at 2026-03-29 14:16:35 -0300
Processing by LettersController#index as */*
  Parameters: {"letter" => {}}
Completed 401 Unauthorized in 0ms (ActiveRecord: 0.0ms (0 queries, 0 cached) | GC: 0.0ms)


Started GET "/users/sign_in" for ::1 at 2026-03-29 14:16:35 -0300
Processing by Users::SessionsController#new as */*
  Parameters: {"session" => {}}
Completed 401 Unauthorized in 1ms (Views: 0.1ms | ActiveRecord: 0.0ms (0 queries, 0 cached) | GC: 0.0ms)


Started GET "/users/sign_in" for ::1 at 2026-03-29 14:16:35 -0300
Processing by Users::SessionsController#new as */*
  Parameters: {"session" => {}}
Completed 401 Unauthorized in 0ms (Views: 0.1ms | ActiveRecord: 0.0ms (0 queries, 0 cached) | GC: 0.0ms)


Started POST "/letters" for ::1 at 2026-03-29 14:17:11 -0300
Processing by LettersController#create as */*
  Parameters: {"letter" => {"content" => "partiu emprego", "sender" => "eu", "recipient" => "eu depois", "deliver_at" => "2026-03-30"}}
Completed 401 Unauthorized in 2ms (ActiveRecord: 0.0ms (0 queries, 0 cached) | GC: 0.0ms)


Started GET "/users/sign_in" for ::1 at 2026-03-29 14:17:11 -0300
Processing by Users::SessionsController#new as */*
Completed 401 Unauthorized in 2ms (Views: 0.1ms | ActiveRecord: 0.0ms (0 queries, 0 cached) | GC: 0.0ms)


Started POST "/users" for ::1 at 2026-03-29 14:27:48 -0300
Processing by Users::RegistrationsController#create as */*
  Parameters: {"user" => {"email" => "[FILTERED]", "password" => "[FILTERED]"}, "registration" => {"user" => {"email" => "[FILTERED]", "password" => "[FILTERED]"}}}
  [1m[36mTRANSACTION (0.1ms)[0m  [1m[35mBEGIN /*action='create',application='Backend',controller='registrations'*/[0m
  [1m[36mUser Create (4.6ms)[0m  [1m[32mINSERT INTO "users" ("email", "encrypted_password", "reset_password_token", "reset_password_sent_at", "remember_created_at", "created_at", "updated_at") VALUES ('teste@gmail.com', '$2a$12$eEBzp97xZBQ6gSecPfruN.xiI1T7MrlPu9UvSUk3HoBItZlY7AW9.', NULL, NULL, NULL, '2026-03-29 17:27:48.892892', '2026-03-29 17:27:48.892892') RETURNING "id" /*action='create',application='Backend',controller='registrations'*/[0m
  [1m[36mTRANSACTION (0.8ms)[0m  [1m[35mCOMMIT /*action='create',application='Backend',controller='registrations'*/[0m
Completed 200 OK in 294ms (Views: 0.3ms | ActiveRecord: 28.5ms (1 query, 0 cached) | GC: 0.0ms)


Started POST "/users/sign_in" for ::1 at 2026-03-29 14:27:48 -0300
Processing by Users::SessionsController#create as */*
  Parameters: {"user" => {"email" => "[FILTERED]", "password" => "[FILTERED]"}, "session" => {"user" => {"email" => "[FILTERED]", "password" => "[FILTERED]"}}}
  [1m[36mUser Load (2.9ms)[0m  [1m[34mSELECT "users".* FROM "users" WHERE "users"."email" = 'teste@gmail.com' ORDER BY "users"."id" ASC LIMIT 1 /*action='create',application='Backend',controller='sessions'*/[0m
  ↳ app/models/user.rb:17:in 'User.find_for_database_authentication'
Completed 200 OK in 249ms (Views: 0.2ms | ActiveRecord: 2.9ms (1 query, 0 cached) | GC: 0.0ms)


Started GET "/letters" for ::1 at 2026-03-29 14:27:49 -0300
Processing by LettersController#index as */*
  Parameters: {"letter" => {}}
Completed 401 Unauthorized in 0ms (ActiveRecord: 0.0ms (0 queries, 0 cached) | GC: 0.0ms)


Started GET "/letters" for ::1 at 2026-03-29 14:27:49 -0300
Processing by LettersController#index as */*
  Parameters: {"letter" => {}}
Completed 401 Unauthorized in 0ms (ActiveRecord: 0.0ms (0 queries, 0 cached) | GC: 0.0ms)


Started GET "/users/sign_in" for ::1 at 2026-03-29 14:27:49 -0300
Processing by Users::SessionsController#new as */*
  Parameters: {"session" => {}}
Completed 200 OK in 0ms (Views: 0.1ms | ActiveRecord: 0.0ms (0 queries, 0 cached) | GC: 0.0ms)


Started GET "/users/sign_in" for ::1 at 2026-03-29 14:27:49 -0300
Processing by Users::SessionsController#new as */*
  Parameters: {"session" => {}}
Completed 200 OK in 0ms (Views: 0.2ms | ActiveRecord: 0.0ms (0 queries, 0 cached) | GC: 0.0ms)


Started GET "/letters" for ::1 at 2026-03-29 17:07:53 -0300
  [1m[36mActiveRecord::SchemaMigration Load (1.3ms)[0m  [1m[34mSELECT "schema_migrations"."version" FROM "schema_migrations" ORDER BY "schema_migrations"."version" ASC /*application='Backend'*/[0m
Processing by LettersController#index as HTML
Completed 401 Unauthorized in 2ms (ActiveRecord: 0.0ms (0 queries, 0 cached) | GC: 0.0ms)


Started GET "/users/sign_in" for ::1 at 2026-03-29 17:07:53 -0300
Processing by Users::SessionsController#new as HTML
Completed 200 OK in 28ms (Views: 0.2ms | ActiveRecord: 11.6ms (0 queries, 0 cached) | GC: 0.0ms)


Started GET "/favicon.ico" for ::1 at 2026-03-29 17:07:54 -0300
  
ActionController::RoutingError (No route matches [GET] "/favicon.ico"):
  
Started GET "/letters" for ::1 at 2026-03-29 17:08:10 -0300
Processing by LettersController#index as */*
  Parameters: {"letter" => {}}
Completed 401 Unauthorized in 1ms (ActiveRecord: 2.0ms (0 queries, 0 cached) | GC: 0.0ms)


Started GET "/letters" for ::1 at 2026-03-29 17:08:10 -0300
Started GET "/users/sign_in" for ::1 at 2026-03-29 17:08:10 -0300
Processing by LettersController#index as */*
  Parameters: {"letter" => {}}
Completed 401 Unauthorized in 0ms (ActiveRecord: 0.0ms (0 queries, 0 cached) | GC: 0.0ms)


Processing by Users::SessionsController#new as */*
  Parameters: {"session" => {}}
Completed 200 OK in 1ms (Views: 0.1ms | ActiveRecord: 0.0ms (0 queries, 0 cached) | GC: 0.0ms)


Started GET "/users/sign_in" for ::1 at 2026-03-29 17:08:10 -0300
Processing by Users::SessionsController#new as */*
  Parameters: {"session" => {}}
Completed 200 OK in 0ms (Views: 0.1ms | ActiveRecord: 0.0ms (0 queries, 0 cached) | GC: 0.0ms)


Started POST "/letters" for ::1 at 2026-03-29 17:08:30 -0300
Processing by LettersController#create as */*
  Parameters: {"letter" => {"content" => "partiu emprego na gringa", "sender" => "eu", "recipient" => "eu depois", "deliver_at" => "2026-03-30"}}
Completed 401 Unauthorized in 0ms (ActiveRecord: 0.0ms (0 queries, 0 cached) | GC: 0.0ms)


Started GET "/users/sign_in" for ::1 at 2026-03-29 17:08:30 -0300
Processing by Users::SessionsController#new as */*
Completed 200 OK in 1ms (Views: 0.2ms | ActiveRecord: 0.0ms (0 queries, 0 cached) | GC: 0.0ms)


Started GET "/letters" for ::1 at 2026-03-29 17:08:34 -0300
Processing by LettersController#index as */*
  Parameters: {"letter" => {}}
Completed 401 Unauthorized in 0ms (ActiveRecord: 0.0ms (0 queries, 0 cached) | GC: 0.0ms)


Started GET "/letters" for ::1 at 2026-03-29 17:08:34 -0300
Started GET "/users/sign_in" for ::1 at 2026-03-29 17:08:34 -0300
Processing by Users::SessionsController#new as */*
  Parameters: {"session" => {}}
Completed 200 OK in 0ms (Views: 0.1ms | ActiveRecord: 0.0ms (0 queries, 0 cached) | GC: 0.0ms)


Processing by LettersController#index as */*
  Parameters: {"letter" => {}}
Completed 401 Unauthorized in 1ms (ActiveRecord: 0.0ms (0 queries, 0 cached) | GC: 0.0ms)


Started GET "/users/sign_in" for ::1 at 2026-03-29 17:08:34 -0300
Processing by Users::SessionsController#new as */*
  Parameters: {"session" => {}}
Completed 200 OK in 0ms (Views: 0.1ms | ActiveRecord: 0.0ms (0 queries, 0 cached) | GC: 0.0ms)


Started GET "/letters" for ::1 at 2026-03-29 17:10:12 -0300
Processing by LettersController#index as */*
  Parameters: {"letter" => {}}
Completed 401 Unauthorized in 3ms (ActiveRecord: 0.0ms (0 queries, 0 cached) | GC: 0.0ms)


Started GET "/letters" for ::1 at 2026-03-29 17:10:12 -0300
Processing by LettersController#index as */*
  Parameters: {"letter" => {}}
Completed 401 Unauthorized in 0ms (ActiveRecord: 0.0ms (0 queries, 0 cached) | GC: 0.0ms)


Started GET "/users/sign_in" for ::1 at 2026-03-29 17:10:12 -0300
Processing by Users::SessionsController#new as */*
  Parameters: {"session" => {}}
Completed 200 OK in 3ms (Views: 1.2ms | ActiveRecord: 0.0ms (0 queries, 0 cached) | GC: 0.0ms)


Started GET "/users/sign_in" for ::1 at 2026-03-29 17:10:12 -0300
Processing by Users::SessionsController#new as */*
  Parameters: {"session" => {}}
Completed 200 OK in 0ms (Views: 0.2ms | ActiveRecord: 0.0ms (0 queries, 0 cached) | GC: 0.0ms)


Started GET "/letters" for ::1 at 2026-03-29 17:12:52 -0300
Processing by LettersController#index as */*
  Parameters: {"letter" => {}}
Completed 401 Unauthorized in 3ms (ActiveRecord: 327.8ms (0 queries, 0 cached) | GC: 0.0ms)


Started GET "/letters" for ::1 at 2026-03-29 17:12:52 -0300
Processing by LettersController#index as */*
  Parameters: {"letter" => {}}
Completed 401 Unauthorized in 0ms (ActiveRecord: 0.0ms (0 queries, 0 cached) | GC: 0.0ms)


Started GET "/users/sign_in" for ::1 at 2026-03-29 17:12:52 -0300
Processing by Users::SessionsController#new as */*
  Parameters: {"session" => {}}
Completed 200 OK in 7ms (Views: 0.3ms | ActiveRecord: 2.4ms (0 queries, 0 cached) | GC: 0.5ms)


Started GET "/users/sign_in" for ::1 at 2026-03-29 17:12:52 -0300
Processing by Users::SessionsController#new as */*
  Parameters: {"session" => {}}
Completed 200 OK in 1ms (Views: 0.1ms | ActiveRecord: 0.0ms (0 queries, 0 cached) | GC: 0.0ms)


Started GET "/letters" for ::1 at 2026-03-29 17:18:30 -0300
Processing by LettersController#index as */*
  Parameters: {"letter" => {}}
Filter chain halted as :authenticate_user! rendered or redirected
Completed 401 Unauthorized in 1ms (Views: 0.1ms | ActiveRecord: 0.0ms (0 queries, 0 cached) | GC: 0.0ms)


Started GET "/letters" for ::1 at 2026-03-29 17:18:30 -0300
Processing by LettersController#index as */*
  Parameters: {"letter" => {}}
Filter chain halted as :authenticate_user! rendered or redirected
Completed 401 Unauthorized in 0ms (Views: 0.1ms | ActiveRecord: 0.0ms (0 queries, 0 cached) | GC: 0.0ms)


Started GET "/letters" for ::1 at 2026-03-29 17:19:24 -0300
Processing by LettersController#index as */*
  Parameters: {"letter" => {}}
Filter chain halted as :authenticate_user! rendered or redirected
Completed 401 Unauthorized in 3ms (Views: 0.2ms | ActiveRecord: 0.0ms (0 queries, 0 cached) | GC: 0.0ms)


Started GET "/letters" for ::1 at 2026-03-29 17:19:24 -0300
Processing by LettersController#index as */*
  Parameters: {"letter" => {}}
Filter chain halted as :authenticate_user! rendered or redirected
Completed 401 Unauthorized in 0ms (Views: 0.1ms | ActiveRecord: 0.0ms (0 queries, 0 cached) | GC: 0.0ms)


Started POST "/letters" for ::1 at 2026-03-29 17:19:39 -0300
Processing by LettersController#create as */*
  Parameters: {"letter" => {"content" => "tenho empregooo", "sender" => "eu", "recipient" => "eu depois", "deliver_at" => "2026-03-30"}}
Filter chain halted as :authenticate_user! rendered or redirected
Completed 401 Unauthorized in 3ms (Views: 0.2ms | ActiveRecord: 0.0ms (0 queries, 0 cached) | GC: 1.6ms)


Started POST "/users/sign_in" for ::1 at 2026-03-29 17:27:31 -0300
Processing by Users::SessionsController#create as */*
  Parameters: {"user" => {"email" => "[FILTERED]", "password" => "[FILTERED]"}, "session" => {"user" => {"email" => "[FILTERED]", "password" => "[FILTERED]"}}}
  [1m[36mUser Load (5.1ms)[0m  [1m[34mSELECT "users".* FROM "users" WHERE "users"."email" = 'anaclimgo@gmail.com' ORDER BY "users"."id" ASC LIMIT 1 /*action='create',application='Backend',controller='sessions'*/[0m
  ↳ app/models/user.rb:17:in 'User.find_for_database_authentication'
Completed 200 OK in 324ms (Views: 1.2ms | ActiveRecord: 22.4ms (1 query, 0 cached) | GC: 5.9ms)


Started GET "/letters" for ::1 at 2026-03-29 17:27:31 -0300
Processing by LettersController#index as */*
  Parameters: {"letter" => {}}
  [1m[36mUser Load (0.6ms)[0m  [1m[34mSELECT "users".* FROM "users" WHERE "users"."id" = 12 LIMIT 1 /*action='index',application='Backend',controller='letters'*/[0m
  ↳ app/controllers/application_controller.rb:7:in 'ApplicationController#authenticate_user!'
Completed 500 Internal Server Error in 6ms (ActiveRecord: 0.5ms (1 query, 0 cached) | GC: 0.0ms)


  
NoMethodError (undefined method 'letters' for an instance of User):
  
app/controllers/letters_controller.rb:6:in 'LettersController#index'
Started GET "/letters" for ::1 at 2026-03-29 17:27:31 -0300
Processing by LettersController#index as */*
  Parameters: {"letter" => {}}
  [1m[36mUser Load (0.3ms)[0m  [1m[34mSELECT "users".* FROM "users" WHERE "users"."id" = 12 LIMIT 1 /*action='index',application='Backend',controller='letters'*/[0m
  ↳ app/controllers/application_controller.rb:7:in 'ApplicationController#authenticate_user!'
Completed 500 Internal Server Error in 4ms (ActiveRecord: 0.3ms (1 query, 0 cached) | GC: 0.3ms)


  
NoMethodError (undefined method 'letters' for an instance of User):
  
app/controllers/letters_controller.rb:6:in 'LettersController#index'
Started GET "/letters" for ::1 at 2026-03-29 17:30:44 -0300
Processing by LettersController#index as */*
  Parameters: {"letter" => {}}
  [1m[36mUser Load (316.2ms)[0m  [1m[34mSELECT "users".* FROM "users" WHERE "users"."id" = 12 LIMIT 1 /*action='index',application='Backend',controller='letters'*/[0m
  ↳ app/controllers/application_controller.rb:7:in 'ApplicationController#authenticate_user!'
Completed 500 Internal Server Error in 331ms (ActiveRecord: 316.1ms (1 query, 0 cached) | GC: 0.0ms)


  
NoMethodError (undefined method 'letters' for an instance of User):
  
app/controllers/letters_controller.rb:6:in 'LettersController#index'
Started GET "/letters" for ::1 at 2026-03-29 17:30:45 -0300
Processing by LettersController#index as */*
  Parameters: {"letter" => {}}
  [1m[36mUser Load (0.8ms)[0m  [1m[34mSELECT "users".* FROM "users" WHERE "users"."id" = 12 LIMIT 1 /*action='index',application='Backend',controller='letters'*/[0m
  ↳ app/controllers/application_controller.rb:7:in 'ApplicationController#authenticate_user!'
Completed 500 Internal Server Error in 4ms (ActiveRecord: 0.7ms (1 query, 0 cached) | GC: 0.0ms)


  
NoMethodError (undefined method 'letters' for an instance of User):
  
app/controllers/letters_controller.rb:6:in 'LettersController#index'
Started POST "/users/sign_in" for ::1 at 2026-03-29 17:33:39 -0300
Processing by Users::SessionsController#create as */*
  Parameters: {"user" => {"email" => "[FILTERED]", "password" => "[FILTERED]"}, "session" => {"user" => {"email" => "[FILTERED]", "password" => "[FILTERED]"}}}
  [1m[36mUser Load (0.9ms)[0m  [1m[34mSELECT "users".* FROM "users" WHERE "users"."email" = 'anaclimgo@gmail.com' ORDER BY "users"."id" ASC LIMIT 1 /*action='create',application='Backend',controller='sessions'*/[0m
  ↳ app/models/user.rb:17:in 'User.find_for_database_authentication'
Completed 200 OK in 288ms (Views: 0.6ms | ActiveRecord: 35.8ms (1 query, 0 cached) | GC: 0.0ms)


Started GET "/letters" for ::1 at 2026-03-29 17:33:40 -0300
Processing by LettersController#index as */*
  Parameters: {"letter" => {}}
  [1m[36mUser Load (0.2ms)[0m  [1m[34mSELECT "users".* FROM "users" WHERE "users"."id" = 12 LIMIT 1 /*action='index',application='Backend',controller='letters'*/[0m
  ↳ app/controllers/application_controller.rb:7:in 'ApplicationController#authenticate_user!'
Completed 500 Internal Server Error in 2ms (ActiveRecord: 1.6ms (1 query, 0 cached) | GC: 0.0ms)


  
NoMethodError (undefined method 'letters' for an instance of User):
  
app/controllers/letters_controller.rb:6:in 'LettersController#index'
Started GET "/letters" for ::1 at 2026-03-29 17:33:40 -0300
Processing by LettersController#index as */*
  Parameters: {"letter" => {}}
  [1m[36mUser Load (0.3ms)[0m  [1m[34mSELECT "users".* FROM "users" WHERE "users"."id" = 12 LIMIT 1 /*action='index',application='Backend',controller='letters'*/[0m
  ↳ app/controllers/application_controller.rb:7:in 'ApplicationController#authenticate_user!'
Completed 500 Internal Server Error in 2ms (ActiveRecord: 0.3ms (1 query, 0 cached) | GC: 0.0ms)


  
NoMethodError (undefined method 'letters' for an instance of User):
  
app/controllers/letters_controller.rb:6:in 'LettersController#index'
Started POST "/users/sign_in" for ::1 at 2026-03-29 17:37:23 -0300
Processing by Users::SessionsController#create as */*
  Parameters: {"user" => {"email" => "[FILTERED]", "password" => "[FILTERED]"}, "session" => {"user" => {"email" => "[FILTERED]", "password" => "[FILTERED]"}}}
  [1m[36mUser Load (0.6ms)[0m  [1m[34mSELECT "users".* FROM "users" WHERE "users"."email" = 'anaclimgo@gmail.com' ORDER BY "users"."id" ASC LIMIT 1 /*action='create',application='Backend',controller='sessions'*/[0m
  ↳ app/models/user.rb:19:in 'User.find_for_database_authentication'
Completed 200 OK in 268ms (Views: 0.7ms | ActiveRecord: 19.5ms (1 query, 0 cached) | GC: 0.0ms)


Started GET "/letters" for ::1 at 2026-03-29 17:37:23 -0300
Processing by LettersController#index as */*
  Parameters: {"letter" => {}}
  [1m[36mUser Load (0.3ms)[0m  [1m[34mSELECT "users".* FROM "users" WHERE "users"."id" = 12 LIMIT 1 /*action='index',application='Backend',controller='letters'*/[0m
  ↳ app/controllers/application_controller.rb:7:in 'ApplicationController#authenticate_user!'
  [1m[36mLetter Load (6.6ms)[0m  [1m[34mSELECT "letters".* FROM "letters" WHERE "letters"."user_id" = 12 /* loading for inspect */ ORDER BY "letters"."created_at" DESC LIMIT 11 /*action='index',application='Backend',controller='letters'*/[0m
  ↳ app/controllers/letters_controller.rb:8:in 'LettersController#index'
#<ActiveRecord::AssociationRelation []>
  [1m[36mLetter Load (0.3ms)[0m  [1m[34mSELECT "letters".* FROM "letters" WHERE "letters"."user_id" = 12 ORDER BY "letters"."created_at" DESC /*action='index',application='Backend',controller='letters'*/[0m
  ↳ app/controllers/letters_controller.rb:10:in 'Enumerable#map'
Completed 200 OK in 23ms (Views: 0.1ms | ActiveRecord: 8.5ms (3 queries, 0 cached) | GC: 0.3ms)


Started GET "/letters" for ::1 at 2026-03-29 17:37:23 -0300
Processing by LettersController#index as */*
  Parameters: {"letter" => {}}
  [1m[36mUser Load (0.3ms)[0m  [1m[34mSELECT "users".* FROM "users" WHERE "users"."id" = 12 LIMIT 1 /*action='index',application='Backend',controller='letters'*/[0m
  ↳ app/controllers/application_controller.rb:7:in 'ApplicationController#authenticate_user!'
  [1m[36mLetter Load (0.1ms)[0m  [1m[34mSELECT "letters".* FROM "letters" WHERE "letters"."user_id" = 12 /* loading for inspect */ ORDER BY "letters"."created_at" DESC LIMIT 11 /*action='index',application='Backend',controller='letters'*/[0m
  ↳ app/controllers/letters_controller.rb:8:in 'LettersController#index'
#<ActiveRecord::AssociationRelation []>
  [1m[36mLetter Load (0.1ms)[0m  [1m[34mSELECT "letters".* FROM "letters" WHERE "letters"."user_id" = 12 ORDER BY "letters"."created_at" DESC /*action='index',application='Backend',controller='letters'*/[0m
  ↳ app/controllers/letters_controller.rb:10:in 'Enumerable#map'
Completed 200 OK in 4ms (Views: 0.1ms | ActiveRecord: 0.6ms (3 queries, 0 cached) | GC: 0.0ms)


Started POST "/letters" for ::1 at 2026-03-29 17:37:45 -0300
Processing by LettersController#create as */*
  Parameters: {"letter" => {"content" => "emprego chegouuu", "sender" => "eu", "recipient" => "eu depois", "deliver_at" => "2026-03-30"}}
  [1m[36mUser Load (6.2ms)[0m  [1m[34mSELECT "users".* FROM "users" WHERE "users"."id" = 12 LIMIT 1 /*action='create',application='Backend',controller='letters'*/[0m
  ↳ app/controllers/application_controller.rb:7:in 'ApplicationController#authenticate_user!'
Completed 422 Unprocessable Content in 30ms (Views: 0.2ms | ActiveRecord: 6.2ms (1 query, 0 cached) | GC: 0.6ms)


Started POST "/letters" for ::1 at 2026-03-29 17:39:11 -0300
Processing by LettersController#create as */*
  Parameters: {"letter" => {"content" => "emprego chegouuu", "sender" => "eu", "recipient" => "eu depois", "deliver_at" => "2026-03-30"}}
  [1m[36mUser Load (1.4ms)[0m  [1m[34mSELECT "users".* FROM "users" WHERE "users"."id" = 12 LIMIT 1 /*action='create',application='Backend',controller='letters'*/[0m
  ↳ app/controllers/application_controller.rb:7:in 'ApplicationController#authenticate_user!'
["Deliver at must be at least 3 days in the future"]
Completed 422 Unprocessable Content in 31ms (Views: 0.1ms | ActiveRecord: 18.3ms (1 query, 0 cached) | GC: 0.0ms)


Started POST "/letters" for ::1 at 2026-03-29 17:39:23 -0300
Processing by LettersController#create as */*
  Parameters: {"letter" => {"content" => "emprego chegouuu", "sender" => "eu", "recipient" => "eu depois", "deliver_at" => "2026-04-03"}}
  [1m[36mUser Load (0.6ms)[0m  [1m[34mSELECT "users".* FROM "users" WHERE "users"."id" = 12 LIMIT 1 /*action='create',application='Backend',controller='letters'*/[0m
  ↳ app/controllers/application_controller.rb:7:in 'ApplicationController#authenticate_user!'
  [1m[36mTRANSACTION (0.2ms)[0m  [1m[35mBEGIN /*action='create',application='Backend',controller='letters'*/[0m
  ↳ app/controllers/letters_controller.rb:38:in 'LettersController#create'
  [1m[36mLetter Create (8.5ms)[0m  [1m[32mINSERT INTO "letters" ("content", "sender", "recipient", "deliver_at", "readable_at", "delivered", "user_id", "created_at", "updated_at") VALUES ('emprego chegouuu', 'eu', 'eu depois', '2026-04-03 00:00:00', '2026-04-03 00:00:00', NULL, 12, '2026-03-29 20:39:23.233136', '2026-03-29 20:39:23.233136') RETURNING "id" /*action='create',application='Backend',controller='letters'*/[0m
  ↳ app/controllers/letters_controller.rb:38:in 'LettersController#create'
  [1m[36mTRANSACTION (0.4ms)[0m  [1m[35mCOMMIT /*action='create',application='Backend',controller='letters'*/[0m
  ↳ app/controllers/letters_controller.rb:38:in 'LettersController#create'
Completed 201 Created in 32ms (Views: 0.3ms | ActiveRecord: 9.7ms (2 queries, 0 cached) | GC: 12.6ms)


Started GET "/letters" for ::1 at 2026-03-29 17:39:30 -0300
Processing by LettersController#index as */*
  Parameters: {"letter" => {}}
  [1m[36mUser Load (0.4ms)[0m  [1m[34mSELECT "users".* FROM "users" WHERE "users"."id" = 12 LIMIT 1 /*action='index',application='Backend',controller='letters'*/[0m
  ↳ app/controllers/application_controller.rb:7:in 'ApplicationController#authenticate_user!'
  [1m[36mLetter Load (0.9ms)[0m  [1m[34mSELECT "letters".* FROM "letters" WHERE "letters"."user_id" = 12 /* loading for inspect */ ORDER BY "letters"."created_at" DESC LIMIT 11 /*action='index',application='Backend',controller='letters'*/[0m
  ↳ app/controllers/letters_controller.rb:8:in 'LettersController#index'
#<ActiveRecord::AssociationRelation [#<Letter id: 1, content: "emprego chegouuu", sender: "eu", recipient: "eu depois", deliver_at: "2026-04-03 00:00:00.000000000 +0000", readable_at: "2026-04-03 00:00:00.000000000 +0000", delivered: nil, user_id: 12, created_at: "2026-03-29 20:39:23.233136000 +0000", updated_at: "2026-03-29 20:39:23.233136000 +0000">]>
  [1m[36mLetter Load (0.4ms)[0m  [1m[34mSELECT "letters".* FROM "letters" WHERE "letters"."user_id" = 12 ORDER BY "letters"."created_at" DESC /*action='index',application='Backend',controller='letters'*/[0m
  ↳ app/controllers/letters_controller.rb:10:in 'Enumerable#map'
Completed 200 OK in 11ms (Views: 0.2ms | ActiveRecord: 1.7ms (3 queries, 0 cached) | GC: 0.7ms)


Started GET "/letters" for ::1 at 2026-03-29 17:39:30 -0300
Processing by LettersController#index as */*
  Parameters: {"letter" => {}}
  [1m[36mUser Load (0.3ms)[0m  [1m[34mSELECT "users".* FROM "users" WHERE "users"."id" = 12 LIMIT 1 /*action='index',application='Backend',controller='letters'*/[0m
  ↳ app/controllers/application_controller.rb:7:in 'ApplicationController#authenticate_user!'
  [1m[36mLetter Load (1.0ms)[0m  [1m[34mSELECT "letters".* FROM "letters" WHERE "letters"."user_id" = 12 /* loading for inspect */ ORDER BY "letters"."created_at" DESC LIMIT 11 /*action='index',application='Backend',controller='letters'*/[0m
  ↳ app/controllers/letters_controller.rb:8:in 'LettersController#index'
#<ActiveRecord::AssociationRelation [#<Letter id: 1, content: "emprego chegouuu", sender: "eu", recipient: "eu depois", deliver_at: "2026-04-03 00:00:00.000000000 +0000", readable_at: "2026-04-03 00:00:00.000000000 +0000", delivered: nil, user_id: 12, created_at: "2026-03-29 20:39:23.233136000 +0000", updated_at: "2026-03-29 20:39:23.233136000 +0000">]>
  [1m[36mLetter Load (0.4ms)[0m  [1m[34mSELECT "letters".* FROM "letters" WHERE "letters"."user_id" = 12 ORDER BY "letters"."created_at" DESC /*action='index',application='Backend',controller='letters'*/[0m
  ↳ app/controllers/letters_controller.rb:10:in 'Enumerable#map'
Completed 200 OK in 20ms (Views: 0.4ms | ActiveRecord: 1.7ms (3 queries, 0 cached) | GC: 0.0ms)


Started POST "/letters" for ::1 at 2026-03-29 17:39:51 -0300
Processing by LettersController#create as */*
  Parameters: {"letter" => {"content" => "meu niverrr", "sender" => "eu", "recipient" => "eu depois", "deliver_at" => "2026-08-07"}}
  [1m[36mUser Load (2.1ms)[0m  [1m[34mSELECT "users".* FROM "users" WHERE "users"."id" = 12 LIMIT 1 /*action='create',application='Backend',controller='letters'*/[0m
  ↳ app/controllers/application_controller.rb:7:in 'ApplicationController#authenticate_user!'
  [1m[36mTRANSACTION (0.2ms)[0m  [1m[35mBEGIN /*action='create',application='Backend',controller='letters'*/[0m
  ↳ app/controllers/letters_controller.rb:38:in 'LettersController#create'
  [1m[36mLetter Create (3.1ms)[0m  [1m[32mINSERT INTO "letters" ("content", "sender", "recipient", "deliver_at", "readable_at", "delivered", "user_id", "created_at", "updated_at") VALUES ('meu niverrr', 'eu', 'eu depois', '2026-08-07 00:00:00', '2026-08-07 00:00:00', NULL, 12, '2026-03-29 20:39:51.446289', '2026-03-29 20:39:51.446289') RETURNING "id" /*action='create',application='Backend',controller='letters'*/[0m
  ↳ app/controllers/letters_controller.rb:38:in 'LettersController#create'
  [1m[36mTRANSACTION (0.6ms)[0m  [1m[35mCOMMIT /*action='create',application='Backend',controller='letters'*/[0m
  ↳ app/controllers/letters_controller.rb:38:in 'LettersController#create'
Completed 201 Created in 42ms (Views: 10.7ms | ActiveRecord: 5.9ms (2 queries, 0 cached) | GC: 0.0ms)


Started GET "/letters" for ::1 at 2026-03-29 17:39:53 -0300
Processing by LettersController#index as */*
  Parameters: {"letter" => {}}
  [1m[36mUser Load (1.3ms)[0m  [1m[34mSELECT "users".* FROM "users" WHERE "users"."id" = 12 LIMIT 1 /*action='index',application='Backend',controller='letters'*/[0m
  ↳ app/controllers/application_controller.rb:7:in 'ApplicationController#authenticate_user!'
  [1m[36mLetter Load (0.5ms)[0m  [1m[34mSELECT "letters".* FROM "letters" WHERE "letters"."user_id" = 12 /* loading for inspect */ ORDER BY "letters"."created_at" DESC LIMIT 11 /*action='index',application='Backend',controller='letters'*/[0m
  ↳ app/controllers/letters_controller.rb:8:in 'LettersController#index'
#<ActiveRecord::AssociationRelation [#<Letter id: 2, content: "meu niverrr", sender: "eu", recipient: "eu depois", deliver_at: "2026-08-07 00:00:00.000000000 +0000", readable_at: "2026-08-07 00:00:00.000000000 +0000", delivered: nil, user_id: 12, created_at: "2026-03-29 20:39:51.446289000 +0000", updated_at: "2026-03-29 20:39:51.446289000 +0000">, #<Letter id: 1, content: "emprego chegouuu", sender: "eu", recipient: "eu depois", deliver_at: "2026-04-03 00:00:00.000000000 +0000", readable_at: "2026-04-03 00:00:00.000000000 +0000", delivered: nil, user_id: 12, created_at: "2026-03-29 20:39:23.233136000 +0000", updated_at: "2026-03-29 20:39:23.233136000 +0000">]>
  [1m[36mLetter Load (0.3ms)[0m  [1m[34mSELECT "letters".* FROM "letters" WHERE "letters"."user_id" = 12 ORDER BY "letters"."created_at" DESC /*action='index',application='Backend',controller='letters'*/[0m
  ↳ app/controllers/letters_controller.rb:10:in 'Enumerable#map'
Completed 200 OK in 10ms (Views: 0.1ms | ActiveRecord: 2.1ms (3 queries, 0 cached) | GC: 1.9ms)


Started GET "/letters" for ::1 at 2026-03-29 17:39:53 -0300
Processing by LettersController#index as */*
  Parameters: {"letter" => {}}
  [1m[36mUser Load (0.3ms)[0m  [1m[34mSELECT "users".* FROM "users" WHERE "users"."id" = 12 LIMIT 1 /*action='index',application='Backend',controller='letters'*/[0m
  ↳ app/controllers/application_controller.rb:7:in 'ApplicationController#authenticate_user!'
  [1m[36mLetter Load (0.3ms)[0m  [1m[34mSELECT "letters".* FROM "letters" WHERE "letters"."user_id" = 12 /* loading for inspect */ ORDER BY "letters"."created_at" DESC LIMIT 11 /*action='index',application='Backend',controller='letters'*/[0m
  ↳ app/controllers/letters_controller.rb:8:in 'LettersController#index'
#<ActiveRecord::AssociationRelation [#<Letter id: 2, content: "meu niverrr", sender: "eu", recipient: "eu depois", deliver_at: "2026-08-07 00:00:00.000000000 +0000", readable_at: "2026-08-07 00:00:00.000000000 +0000", delivered: nil, user_id: 12, created_at: "2026-03-29 20:39:51.446289000 +0000", updated_at: "2026-03-29 20:39:51.446289000 +0000">, #<Letter id: 1, content: "emprego chegouuu", sender: "eu", recipient: "eu depois", deliver_at: "2026-04-03 00:00:00.000000000 +0000", readable_at: "2026-04-03 00:00:00.000000000 +0000", delivered: nil, user_id: 12, created_at: "2026-03-29 20:39:23.233136000 +0000", updated_at: "2026-03-29 20:39:23.233136000 +0000">]>
  [1m[36mLetter Load (0.4ms)[0m  [1m[34mSELECT "letters".* FROM "letters" WHERE "letters"."user_id" = 12 ORDER BY "letters"."created_at" DESC /*action='index',application='Backend',controller='letters'*/[0m
  ↳ app/controllers/letters_controller.rb:10:in 'Enumerable#map'
Completed 200 OK in 9ms (Views: 0.1ms | ActiveRecord: 1.0ms (3 queries, 0 cached) | GC: 1.2ms)


Started POST "/users/sign_in" for ::1 at 2026-03-29 17:40:06 -0300
Processing by Users::SessionsController#create as */*
  Parameters: {"user" => {"email" => "[FILTERED]", "password" => "[FILTERED]"}, "session" => {"user" => {"email" => "[FILTERED]", "password" => "[FILTERED]"}}}
  [1m[36mUser Load (0.7ms)[0m  [1m[34mSELECT "users".* FROM "users" WHERE "users"."email" = 'anaclimgo@gmail.com' ORDER BY "users"."id" ASC LIMIT 1 /*action='create',application='Backend',controller='sessions'*/[0m
  ↳ app/models/user.rb:19:in 'User.find_for_database_authentication'
Completed 200 OK in 261ms (Views: 0.2ms | ActiveRecord: 0.7ms (1 query, 0 cached) | GC: 0.0ms)


Started GET "/letters" for ::1 at 2026-03-29 17:40:06 -0300
Processing by LettersController#index as */*
  Parameters: {"letter" => {}}
  [1m[36mUser Load (0.3ms)[0m  [1m[34mSELECT "users".* FROM "users" WHERE "users"."id" = 12 LIMIT 1 /*action='index',application='Backend',controller='letters'*/[0m
  ↳ app/controllers/application_controller.rb:7:in 'ApplicationController#authenticate_user!'
  [1m[36mLetter Load (0.3ms)[0m  [1m[34mSELECT "letters".* FROM "letters" WHERE "letters"."user_id" = 12 /* loading for inspect */ ORDER BY "letters"."created_at" DESC LIMIT 11 /*action='index',application='Backend',controller='letters'*/[0m
  ↳ app/controllers/letters_controller.rb:8:in 'LettersController#index'
#<ActiveRecord::AssociationRelation [#<Letter id: 2, content: "meu niverrr", sender: "eu", recipient: "eu depois", deliver_at: "2026-08-07 00:00:00.000000000 +0000", readable_at: "2026-08-07 00:00:00.000000000 +0000", delivered: nil, user_id: 12, created_at: "2026-03-29 20:39:51.446289000 +0000", updated_at: "2026-03-29 20:39:51.446289000 +0000">, #<Letter id: 1, content: "emprego chegouuu", sender: "eu", recipient: "eu depois", deliver_at: "2026-04-03 00:00:00.000000000 +0000", readable_at: "2026-04-03 00:00:00.000000000 +0000", delivered: nil, user_id: 12, created_at: "2026-03-29 20:39:23.233136000 +0000", updated_at: "2026-03-29 20:39:23.233136000 +0000">]>
  [1m[36mLetter Load (0.3ms)[0m  [1m[34mSELECT "letters".* FROM "letters" WHERE "letters"."user_id" = 12 ORDER BY "letters"."created_at" DESC /*action='index',application='Backend',controller='letters'*/[0m
  ↳ app/controllers/letters_controller.rb:10:in 'Enumerable#map'
Completed 200 OK in 6ms (Views: 0.1ms | ActiveRecord: 0.9ms (3 queries, 0 cached) | GC: 0.3ms)


Started GET "/letters" for ::1 at 2026-03-29 17:40:06 -0300
Processing by LettersController#index as */*
  Parameters: {"letter" => {}}
  [1m[36mUser Load (0.4ms)[0m  [1m[34mSELECT "users".* FROM "users" WHERE "users"."id" = 12 LIMIT 1 /*action='index',application='Backend',controller='letters'*/[0m
  ↳ app/controllers/application_controller.rb:7:in 'ApplicationController#authenticate_user!'
  [1m[36mLetter Load (0.6ms)[0m  [1m[34mSELECT "letters".* FROM "letters" WHERE "letters"."user_id" = 12 /* loading for inspect */ ORDER BY "letters"."created_at" DESC LIMIT 11 /*action='index',application='Backend',controller='letters'*/[0m
  ↳ app/controllers/letters_controller.rb:8:in 'LettersController#index'
#<ActiveRecord::AssociationRelation [#<Letter id: 2, content: "meu niverrr", sender: "eu", recipient: "eu depois", deliver_at: "2026-08-07 00:00:00.000000000 +0000", readable_at: "2026-08-07 00:00:00.000000000 +0000", delivered: nil, user_id: 12, created_at: "2026-03-29 20:39:51.446289000 +0000", updated_at: "2026-03-29 20:39:51.446289000 +0000">, #<Letter id: 1, content: "emprego chegouuu", sender: "eu", recipient: "eu depois", deliver_at: "2026-04-03 00:00:00.000000000 +0000", readable_at: "2026-04-03 00:00:00.000000000 +0000", delivered: nil, user_id: 12, created_at: "2026-03-29 20:39:23.233136000 +0000", updated_at: "2026-03-29 20:39:23.233136000 +0000">]>
  [1m[36mLetter Load (0.3ms)[0m  [1m[34mSELECT "letters".* FROM "letters" WHERE "letters"."user_id" = 12 ORDER BY "letters"."created_at" DESC /*action='index',application='Backend',controller='letters'*/[0m
  ↳ app/controllers/letters_controller.rb:10:in 'Enumerable#map'
Completed 200 OK in 6ms (Views: 0.1ms | ActiveRecord: 1.3ms (3 queries, 0 cached) | GC: 0.0ms)


Started POST "/letters" for ::1 at 2026-03-29 17:42:45 -0300
Processing by LettersController#create as */*
  Parameters: {"letter" => {"content" => "testandoo", "sender" => "eu", "recipient" => "eu depois", "deliver_at" => "2026-03-30"}}
  [1m[36mUser Load (21.1ms)[0m  [1m[34mSELECT "users".* FROM "users" WHERE "users"."id" = 12 LIMIT 1 /*action='create',application='Backend',controller='letters'*/[0m
  ↳ app/controllers/application_controller.rb:7:in 'ApplicationController#authenticate_user!'
["Deliver at must be at least 3 days in the future"]
Completed 422 Unprocessable Content in 46ms (Views: 0.7ms | ActiveRecord: 21.1ms (1 query, 0 cached) | GC: 0.0ms)


Started POST "/users/sign_in" for ::1 at 2026-03-29 17:51:05 -0300
  [1m[36mActiveRecord::SchemaMigration Load (2.0ms)[0m  [1m[34mSELECT "schema_migrations"."version" FROM "schema_migrations" ORDER BY "schema_migrations"."version" ASC /*application='Backend'*/[0m
Processing by Users::SessionsController#create as */*
  Parameters: {"user" => {"email" => "[FILTERED]", "password" => "[FILTERED]"}, "session" => {"user" => {"email" => "[FILTERED]", "password" => "[FILTERED]"}}}
  [1m[36mUser Load (2.2ms)[0m  [1m[34mSELECT "users".* FROM "users" WHERE "users"."email" = 'anaclimgo@gmail.com' ORDER BY "users"."id" ASC LIMIT 1 /*action='create',application='Backend',controller='sessions'*/[0m
  ↳ app/models/user.rb:19:in 'User.find_for_database_authentication'
Completed 200 OK in 292ms (Views: 0.3ms | ActiveRecord: 19.3ms (1 query, 0 cached) | GC: 0.0ms)


Started GET "/letters" for ::1 at 2026-03-29 17:51:05 -0300
Processing by LettersController#index as */*
  Parameters: {"letter" => {}}
Filter chain halted as :authenticate_user! rendered or redirected
Completed 401 Unauthorized in 0ms (Views: 0.1ms | ActiveRecord: 1.0ms (0 queries, 0 cached) | GC: 0.0ms)


Started GET "/letters" for ::1 at 2026-03-29 17:51:05 -0300
Processing by LettersController#index as */*
  Parameters: {"letter" => {}}
Filter chain halted as :authenticate_user! rendered or redirected
Completed 401 Unauthorized in 0ms (Views: 0.1ms | ActiveRecord: 0.0ms (0 queries, 0 cached) | GC: 0.0ms)


Started GET "/letters" for ::1 at 2026-03-29 17:51:21 -0300
Processing by LettersController#index as */*
  Parameters: {"letter" => {}}
Filter chain halted as :authenticate_user! rendered or redirected
Completed 401 Unauthorized in 2ms (Views: 0.2ms | ActiveRecord: 0.0ms (0 queries, 0 cached) | GC: 0.0ms)


Started GET "/letters" for ::1 at 2026-03-29 17:51:21 -0300
Processing by LettersController#index as */*
  Parameters: {"letter" => {}}
Filter chain halted as :authenticate_user! rendered or redirected
Completed 401 Unauthorized in 0ms (Views: 0.1ms | ActiveRecord: 0.0ms (0 queries, 0 cached) | GC: 0.0ms)


Started POST "/users/sign_in" for ::1 at 2026-03-29 17:51:33 -0300
Processing by Users::SessionsController#create as */*
  Parameters: {"user" => {"email" => "[FILTERED]", "password" => "[FILTERED]"}, "session" => {"user" => {"email" => "[FILTERED]", "password" => "[FILTERED]"}}}
  [1m[36mUser Load (1.5ms)[0m  [1m[34mSELECT "users".* FROM "users" WHERE "users"."email" = 'anaclimgo@gmail.com' ORDER BY "users"."id" ASC LIMIT 1 /*action='create',application='Backend',controller='sessions'*/[0m
  ↳ app/models/user.rb:19:in 'User.find_for_database_authentication'
Completed 200 OK in 281ms (Views: 0.4ms | ActiveRecord: 1.5ms (1 query, 0 cached) | GC: 0.0ms)


Started GET "/letters" for ::1 at 2026-03-29 17:51:33 -0300
Processing by LettersController#index as */*
  Parameters: {"letter" => {}}
Filter chain halted as :authenticate_user! rendered or redirected
Completed 401 Unauthorized in 1ms (Views: 0.2ms | ActiveRecord: 0.0ms (0 queries, 0 cached) | GC: 0.0ms)


Started GET "/letters" for ::1 at 2026-03-29 17:51:33 -0300
Processing by LettersController#index as */*
  Parameters: {"letter" => {}}
Filter chain halted as :authenticate_user! rendered or redirected
Completed 401 Unauthorized in 1ms (Views: 0.1ms | ActiveRecord: 0.0ms (0 queries, 0 cached) | GC: 0.0ms)


Started GET "/letters" for ::1 at 2026-03-29 17:56:00 -0300
Processing by LettersController#index as HTML
Filter chain halted as :authenticate_user! rendered or redirected
Completed 401 Unauthorized in 7ms (Views: 1.4ms | ActiveRecord: 0.0ms (0 queries, 0 cached) | GC: 0.0ms)


Started POST "/users/sign_in" for ::1 at 2026-03-29 18:00:17 -0300
Processing by Users::SessionsController#create as */*
  Parameters: {"user" => {"email" => "[FILTERED]", "password" => "[FILTERED]"}, "session" => {"user" => {"email" => "[FILTERED]", "password" => "[FILTERED]"}}}
  [1m[36mUser Load (3.7ms)[0m  [1m[34mSELECT "users".* FROM "users" WHERE "users"."email" = 'anaclimgo@gmail.com' ORDER BY "users"."id" ASC LIMIT 1 /*action='create',application='Backend',controller='sessions'*/[0m
  ↳ app/models/user.rb:19:in 'User.find_for_database_authentication'
Completed 200 OK in 308ms (Views: 0.5ms | ActiveRecord: 28.1ms (1 query, 0 cached) | GC: 0.0ms)


Started GET "/letters" for ::1 at 2026-03-29 18:00:17 -0300
Processing by LettersController#index as JSON
  Parameters: {"letter" => {}}
Filter chain halted as :authenticate_user! rendered or redirected
Completed 401 Unauthorized in 1ms (Views: 0.1ms | ActiveRecord: 0.0ms (0 queries, 0 cached) | GC: 0.0ms)


Started GET "/letters" for ::1 at 2026-03-29 18:00:17 -0300
Processing by LettersController#index as JSON
  Parameters: {"letter" => {}}
Filter chain halted as :authenticate_user! rendered or redirected
Completed 401 Unauthorized in 0ms (Views: 0.1ms | ActiveRecord: 0.0ms (0 queries, 0 cached) | GC: 0.0ms)


Started POST "/users/sign_in" for ::1 at 2026-03-29 18:00:59 -0300
Processing by Users::SessionsController#create as */*
  Parameters: {"user" => {"email" => "[FILTERED]", "password" => "[FILTERED]"}, "session" => {"user" => {"email" => "[FILTERED]", "password" => "[FILTERED]"}}}
  [1m[36mUser Load (2.3ms)[0m  [1m[34mSELECT "users".* FROM "users" WHERE "users"."email" = 'anaclimgo@gmail.com' ORDER BY "users"."id" ASC LIMIT 1 /*action='create',application='Backend',controller='sessions'*/[0m
  ↳ app/models/user.rb:19:in 'User.find_for_database_authentication'
Completed 200 OK in 273ms (Views: 0.4ms | ActiveRecord: 2.2ms (1 query, 0 cached) | GC: 0.0ms)


Started GET "/letters" for ::1 at 2026-03-29 18:00:59 -0300
Processing by LettersController#index as JSON
  Parameters: {"letter" => {}}
Filter chain halted as :authenticate_user! rendered or redirected
Completed 401 Unauthorized in 1ms (Views: 0.1ms | ActiveRecord: 0.0ms (0 queries, 0 cached) | GC: 0.0ms)


Started GET "/letters" for ::1 at 2026-03-29 18:00:59 -0300
Processing by LettersController#index as JSON
  Parameters: {"letter" => {}}
Filter chain halted as :authenticate_user! rendered or redirected
Completed 401 Unauthorized in 1ms (Views: 0.1ms | ActiveRecord: 0.0ms (0 queries, 0 cached) | GC: 0.0ms)


Started POST "/users/sign_in" for ::1 at 2026-03-29 18:03:15 -0300
Processing by Users::SessionsController#create as */*
  Parameters: {"user" => {"email" => "[FILTERED]", "password" => "[FILTERED]"}, "session" => {"user" => {"email" => "[FILTERED]", "password" => "[FILTERED]"}}}
  [1m[36mUser Load (0.4ms)[0m  [1m[34mSELECT "users".* FROM "users" WHERE "users"."email" = 'anaclimgo@gmail.com' ORDER BY "users"."id" ASC LIMIT 1 /*action='create',application='Backend',controller='sessions'*/[0m
  ↳ app/models/user.rb:19:in 'User.find_for_database_authentication'
Completed 500 Internal Server Error in 278ms (ActiveRecord: 25.3ms (1 query, 0 cached) | GC: 0.0ms)


  
NameError (undefined local variable or method 'token' for an instance of Users::SessionsController):
  
app/controllers/users/sessions_controller.rb:11:in 'Users::SessionsController#respond_with'
Started POST "/users/sign_in" for ::1 at 2026-03-29 18:04:26 -0300
Processing by Users::SessionsController#create as */*
  Parameters: {"user" => {"email" => "[FILTERED]", "password" => "[FILTERED]"}, "session" => {"user" => {"email" => "[FILTERED]", "password" => "[FILTERED]"}}}
  [1m[36mUser Load (0.3ms)[0m  [1m[34mSELECT "users".* FROM "users" WHERE "users"."email" = 'anaclimgo@gmail.com' ORDER BY "users"."id" ASC LIMIT 1 /*action='create',application='Backend',controller='sessions'*/[0m
  ↳ app/models/user.rb:19:in 'User.find_for_database_authentication'
Completed 500 Internal Server Error in 249ms (ActiveRecord: 4.4ms (1 query, 0 cached) | GC: 1.1ms)


  
NameError (undefined local variable or method 'current_token' for an instance of Users::SessionsController):
  
app/controllers/users/sessions_controller.rb:11:in 'Users::SessionsController#respond_with'
Started POST "/users/sign_in" for ::1 at 2026-03-29 18:07:18 -0300
Processing by Users::SessionsController#create as */*
  Parameters: {"user" => {"email" => "[FILTERED]", "password" => "[FILTERED]"}, "session" => {"user" => {"email" => "[FILTERED]", "password" => "[FILTERED]"}}}
  [1m[36mUser Load (0.4ms)[0m  [1m[34mSELECT "users".* FROM "users" WHERE "users"."email" = 'anaclimgo@gmail.com' ORDER BY "users"."id" ASC LIMIT 1 /*action='create',application='Backend',controller='sessions'*/[0m
  ↳ app/models/user.rb:19:in 'User.find_for_database_authentication'
Completed 200 OK in 251ms (Views: 1.6ms | ActiveRecord: 4.6ms (1 query, 0 cached) | GC: 0.2ms)


Started GET "/letters" for ::1 at 2026-03-29 18:07:19 -0300
Processing by LettersController#index as JSON
  Parameters: {"letter" => {}}
Filter chain halted as :authenticate_user! rendered or redirected
Completed 401 Unauthorized in 1ms (Views: 0.1ms | ActiveRecord: 1.7ms (0 queries, 0 cached) | GC: 0.2ms)


Started GET "/letters" for ::1 at 2026-03-29 18:07:19 -0300
Processing by LettersController#index as JSON
  Parameters: {"letter" => {}}
Filter chain halted as :authenticate_user! rendered or redirected
Completed 401 Unauthorized in 1ms (Views: 0.1ms | ActiveRecord: 0.0ms (0 queries, 0 cached) | GC: 0.0ms)


Started POST "/users/sign_in" for ::1 at 2026-03-29 18:10:15 -0300
Processing by Users::SessionsController#create as */*
  Parameters: {"user" => {"email" => "[FILTERED]", "password" => "[FILTERED]"}, "session" => {"user" => {"email" => "[FILTERED]", "password" => "[FILTERED]"}}}
  [1m[36mUser Load (1.2ms)[0m  [1m[34mSELECT "users".* FROM "users" WHERE "users"."email" = 'anaclimgo@gmail.com' ORDER BY "users"."id" ASC LIMIT 1 /*action='create',application='Backend',controller='sessions'*/[0m
  ↳ app/models/user.rb:19:in 'User.find_for_database_authentication'
Completed 500 Internal Server Error in 257ms (ActiveRecord: 8.9ms (1 query, 0 cached) | GC: 0.2ms)


  
NoMethodError (undefined method 'configure_permitted_parameters' for an instance of Users::SessionsController):
  
railties (8.1.3) lib/rails/engine/lazy_route_set.rb:96:in 'method_missing'
activesupport (8.1.3) lib/active_support/callbacks.rb:362:in 'block in ActiveSupport::Callbacks::CallTemplate::MethodCall#make_lambda'
activesupport (8.1.3) lib/active_support/callbacks.rb:179:in 'block in ActiveSupport::Callbacks::Filters::Before#call'
actionpack (8.1.3) lib/abstract_controller/callbacks.rb:36:in 'block (2 levels) in <module:Callbacks>'
activesupport (8.1.3) lib/active_support/callbacks.rb:180:in 'ActiveSupport::Callbacks::Filters::Before#call'
activesupport (8.1.3) lib/active_support/callbacks.rb:560:in 'block in ActiveSupport::Callbacks::CallbackSequence#invoke_before'
activesupport (8.1.3) lib/active_support/callbacks.rb:560:in 'Array#each'
activesupport (8.1.3) lib/active_support/callbacks.rb:560:in 'ActiveSupport::Callbacks::CallbackSequence#invoke_before'
activesupport (8.1.3) lib/active_support/callbacks.rb:109:in 'ActiveSupport::Callbacks#run_callbacks'
actionpack (8.1.3) lib/abstract_controller/callbacks.rb:266:in 'AbstractController::Callbacks#process_action'
actionpack (8.1.3) lib/action_controller/metal/rescue.rb:36:in 'ActionController::Rescue#process_action'
actionpack (8.1.3) lib/action_controller/metal/instrumentation.rb:76:in 'block in ActionController::Instrumentation#process_action'
activesupport (8.1.3) lib/active_support/notifications.rb:210:in 'block in ActiveSupport::Notifications.instrument'
activesupport (8.1.3) lib/active_support/notifications/instrumenter.rb:58:in 'ActiveSupport::Notifications::Instrumenter#instrument'
activesupport (8.1.3) lib/active_support/notifications.rb:210:in 'ActiveSupport::Notifications.instrument'
actionpack (8.1.3) lib/action_controller/metal/instrumentation.rb:75:in 'ActionController::Instrumentation#process_action'
actionpack (8.1.3) lib/action_controller/metal/params_wrapper.rb:259:in 'ActionController::ParamsWrapper#process_action'
activerecord (8.1.3) lib/active_record/railties/controller_runtime.rb:39:in 'ActiveRecord::Railties::ControllerRuntime#process_action'
actionpack (8.1.3) lib/abstract_controller/base.rb:154:in 'AbstractController::Base#process'
actionpack (8.1.3) lib/action_controller/metal.rb:252:in 'ActionController::Metal#dispatch'
actionpack (8.1.3) lib/action_controller/metal.rb:335:in 'ActionController::Metal.dispatch'
actionpack (8.1.3) lib/action_dispatch/routing/route_set.rb:65:in 'ActionDispatch::Routing::RouteSet::Dispatcher#dispatch'
actionpack (8.1.3) lib/action_dispatch/routing/route_set.rb:50:in 'ActionDispatch::Routing::RouteSet::Dispatcher#serve'
actionpack (8.1.3) lib/action_dispatch/routing/mapper.rb:32:in 'block in <class:Constraints>'
actionpack (8.1.3) lib/action_dispatch/routing/mapper.rb:62:in 'ActionDispatch::Routing::Mapper::Constraints#serve'
actionpack (8.1.3) lib/action_dispatch/journey/router.rb:35:in 'block in ActionDispatch::Journey::Router#serve'
actionpack (8.1.3) lib/action_dispatch/journey/router.rb:86:in 'block in ActionDispatch::Journey::Router#recognize'
actionpack (8.1.3) lib/action_dispatch/journey/router.rb:66:in 'Array#each'
actionpack (8.1.3) lib/action_dispatch/journey/router.rb:66:in 'ActionDispatch::Journey::Router#recognize'
actionpack (8.1.3) lib/action_dispatch/journey/router.rb:31:in 'ActionDispatch::Journey::Router#serve'
actionpack (8.1.3) lib/action_dispatch/routing/route_set.rb:906:in 'ActionDispatch::Routing::RouteSet#call'
railties (8.1.3) lib/rails/engine/lazy_route_set.rb:60:in 'Rails::Engine::LazyRouteSet#call'
warden-jwt_auth (0.12.0) lib/warden/jwt_auth/middleware/token_dispatcher.rb:20:in 'Warden::JWTAuth::Middleware::TokenDispatcher#call'
warden-jwt_auth (0.12.0) lib/warden/jwt_auth/middleware/revocation_manager.rb:21:in 'Warden::JWTAuth::Middleware::RevocationManager#call'
rack (3.2.5) lib/rack/builder.rb:283:in 'Rack::Builder#call'
warden-jwt_auth (0.12.0) lib/warden/jwt_auth/middleware.rb:22:in 'Warden::JWTAuth::Middleware#call'
rack-session (2.1.1) lib/rack/session/abstract/id.rb:274:in 'Rack::Session::Abstract::Persisted#context'
rack-session (2.1.1) lib/rack/session/abstract/id.rb:268:in 'Rack::Session::Abstract::Persisted#call'
actionpack (8.1.3) lib/action_dispatch/middleware/cookies.rb:708:in 'ActionDispatch::Cookies#call'
warden (1.2.9) lib/warden/manager.rb:36:in 'block in Warden::Manager#call'
warden (1.2.9) lib/warden/manager.rb:34:in 'Kernel#catch'
warden (1.2.9) lib/warden/manager.rb:34:in 'Warden::Manager#call'
rack (3.2.5) lib/rack/etag.rb:29:in 'Rack::ETag#call'
rack (3.2.5) lib/rack/conditional_get.rb:44:in 'Rack::ConditionalGet#call'
rack (3.2.5) lib/rack/head.rb:15:in 'Rack::Head#call'
activerecord (8.1.3) lib/active_record/migration.rb:671:in 'ActiveRecord::Migration::CheckPending#call'
actionpack (8.1.3) lib/action_dispatch/middleware/callbacks.rb:31:in 'block in ActionDispatch::Callbacks#call'
activesupport (8.1.3) lib/active_support/callbacks.rb:101:in 'ActiveSupport::Callbacks#run_callbacks'
actionpack (8.1.3) lib/action_dispatch/middleware/callbacks.rb:30:in 'ActionDispatch::Callbacks#call'
actionpack (8.1.3) lib/action_dispatch/middleware/executor.rb:20:in 'ActionDispatch::Executor#call'
actionpack (8.1.3) lib/action_dispatch/middleware/actionable_exceptions.rb:18:in 'ActionDispatch::ActionableExceptions#call'
actionpack (8.1.3) lib/action_dispatch/middleware/debug_exceptions.rb:31:in 'ActionDispatch::DebugExceptions#call'
actionpack (8.1.3) lib/action_dispatch/middleware/show_exceptions.rb:32:in 'ActionDispatch::ShowExceptions#call'
railties (8.1.3) lib/rails/rack/logger.rb:41:in 'Rails::Rack::Logger#call_app'
railties (8.1.3) lib/rails/rack/logger.rb:29:in 'Rails::Rack::Logger#call'
actionpack (8.1.3) lib/action_dispatch/middleware/remote_ip.rb:98:in 'ActionDispatch::RemoteIp#call'
actionpack (8.1.3) lib/action_dispatch/middleware/request_id.rb:34:in 'ActionDispatch::RequestId#call'
rack (3.2.5) lib/rack/runtime.rb:24:in 'Rack::Runtime#call'
activesupport (8.1.3) lib/active_support/cache/strategy/local_cache_middleware.rb:30:in 'ActiveSupport::Cache::Strategy::LocalCache::Middleware#call'
actionpack (8.1.3) lib/action_dispatch/middleware/server_timing.rb:61:in 'block in ActionDispatch::ServerTiming#call'
actionpack (8.1.3) lib/action_dispatch/middleware/server_timing.rb:26:in 'ActionDispatch::ServerTiming::Subscriber#collect_events'
actionpack (8.1.3) lib/action_dispatch/middleware/server_timing.rb:60:in 'ActionDispatch::ServerTiming#call'
actionpack (8.1.3) lib/action_dispatch/middleware/executor.rb:20:in 'ActionDispatch::Executor#call'
actionpack (8.1.3) lib/action_dispatch/middleware/static.rb:27:in 'ActionDispatch::Static#call'
rack (3.2.5) lib/rack/sendfile.rb:131:in 'Rack::Sendfile#call'
actionpack (8.1.3) lib/action_dispatch/middleware/host_authorization.rb:143:in 'ActionDispatch::HostAuthorization#call'
rack-cors (3.0.0) lib/rack/cors.rb:102:in 'Rack::Cors#call'
railties (8.1.3) lib/rails/engine.rb:534:in 'Rails::Engine#call'
puma (7.2.0) lib/puma/configuration.rb:296:in 'Puma::Configuration::ConfigMiddleware#call'
puma (7.2.0) lib/puma/request.rb:103:in 'block in Puma::Request#handle_request'
puma (7.2.0) lib/puma/thread_pool.rb:355:in 'Puma::ThreadPool#with_force_shutdown'
puma (7.2.0) lib/puma/request.rb:102:in 'Puma::Request#handle_request'
puma (7.2.0) lib/puma/server.rb:503:in 'Puma::Server#process_client'
puma (7.2.0) lib/puma/server.rb:262:in 'block in Puma::Server#run'
puma (7.2.0) lib/puma/thread_pool.rb:182:in 'block in Puma::ThreadPool#spawn_thread'
Started POST "/users/sign_in" for ::1 at 2026-03-29 18:10:54 -0300
Processing by Users::SessionsController#create as */*
  Parameters: {"user" => {"email" => "[FILTERED]", "password" => "[FILTERED]"}, "session" => {"user" => {"email" => "[FILTERED]", "password" => "[FILTERED]"}}}
AUTH HEADER: 
  [1m[36mUser Load (0.8ms)[0m  [1m[34mSELECT "users".* FROM "users" WHERE "users"."email" = 'anaclimgo@gmail.com' ORDER BY "users"."id" ASC LIMIT 1 /*action='create',application='Backend',controller='sessions'*/[0m
  ↳ app/models/user.rb:19:in 'User.find_for_database_authentication'
Completed 500 Internal Server Error in 250ms (ActiveRecord: 3.6ms (1 query, 0 cached) | GC: 3.3ms)


  
NoMethodError (undefined method 'configure_permitted_parameters' for an instance of Users::SessionsController):
  
railties (8.1.3) lib/rails/engine/lazy_route_set.rb:96:in 'method_missing'
activesupport (8.1.3) lib/active_support/callbacks.rb:362:in 'block in ActiveSupport::Callbacks::CallTemplate::MethodCall#make_lambda'
activesupport (8.1.3) lib/active_support/callbacks.rb:179:in 'block in ActiveSupport::Callbacks::Filters::Before#call'
actionpack (8.1.3) lib/abstract_controller/callbacks.rb:36:in 'block (2 levels) in <module:Callbacks>'
activesupport (8.1.3) lib/active_support/callbacks.rb:180:in 'ActiveSupport::Callbacks::Filters::Before#call'
activesupport (8.1.3) lib/active_support/callbacks.rb:560:in 'block in ActiveSupport::Callbacks::CallbackSequence#invoke_before'
activesupport (8.1.3) lib/active_support/callbacks.rb:560:in 'Array#each'
activesupport (8.1.3) lib/active_support/callbacks.rb:560:in 'ActiveSupport::Callbacks::CallbackSequence#invoke_before'
activesupport (8.1.3) lib/active_support/callbacks.rb:109:in 'ActiveSupport::Callbacks#run_callbacks'
actionpack (8.1.3) lib/abstract_controller/callbacks.rb:266:in 'AbstractController::Callbacks#process_action'
actionpack (8.1.3) lib/action_controller/metal/rescue.rb:36:in 'ActionController::Rescue#process_action'
actionpack (8.1.3) lib/action_controller/metal/instrumentation.rb:76:in 'block in ActionController::Instrumentation#process_action'
activesupport (8.1.3) lib/active_support/notifications.rb:210:in 'block in ActiveSupport::Notifications.instrument'
activesupport (8.1.3) lib/active_support/notifications/instrumenter.rb:58:in 'ActiveSupport::Notifications::Instrumenter#instrument'
activesupport (8.1.3) lib/active_support/notifications.rb:210:in 'ActiveSupport::Notifications.instrument'
actionpack (8.1.3) lib/action_controller/metal/instrumentation.rb:75:in 'ActionController::Instrumentation#process_action'
actionpack (8.1.3) lib/action_controller/metal/params_wrapper.rb:259:in 'ActionController::ParamsWrapper#process_action'
activerecord (8.1.3) lib/active_record/railties/controller_runtime.rb:39:in 'ActiveRecord::Railties::ControllerRuntime#process_action'
actionpack (8.1.3) lib/abstract_controller/base.rb:154:in 'AbstractController::Base#process'
actionpack (8.1.3) lib/action_controller/metal.rb:252:in 'ActionController::Metal#dispatch'
actionpack (8.1.3) lib/action_controller/metal.rb:335:in 'ActionController::Metal.dispatch'
actionpack (8.1.3) lib/action_dispatch/routing/route_set.rb:65:in 'ActionDispatch::Routing::RouteSet::Dispatcher#dispatch'
actionpack (8.1.3) lib/action_dispatch/routing/route_set.rb:50:in 'ActionDispatch::Routing::RouteSet::Dispatcher#serve'
actionpack (8.1.3) lib/action_dispatch/routing/mapper.rb:32:in 'block in <class:Constraints>'
actionpack (8.1.3) lib/action_dispatch/routing/mapper.rb:62:in 'ActionDispatch::Routing::Mapper::Constraints#serve'
actionpack (8.1.3) lib/action_dispatch/journey/router.rb:35:in 'block in ActionDispatch::Journey::Router#serve'
actionpack (8.1.3) lib/action_dispatch/journey/router.rb:86:in 'block in ActionDispatch::Journey::Router#recognize'
actionpack (8.1.3) lib/action_dispatch/journey/router.rb:66:in 'Array#each'
actionpack (8.1.3) lib/action_dispatch/journey/router.rb:66:in 'ActionDispatch::Journey::Router#recognize'
actionpack (8.1.3) lib/action_dispatch/journey/router.rb:31:in 'ActionDispatch::Journey::Router#serve'
actionpack (8.1.3) lib/action_dispatch/routing/route_set.rb:906:in 'ActionDispatch::Routing::RouteSet#call'
railties (8.1.3) lib/rails/engine/lazy_route_set.rb:60:in 'Rails::Engine::LazyRouteSet#call'
warden-jwt_auth (0.12.0) lib/warden/jwt_auth/middleware/token_dispatcher.rb:20:in 'Warden::JWTAuth::Middleware::TokenDispatcher#call'
warden-jwt_auth (0.12.0) lib/warden/jwt_auth/middleware/revocation_manager.rb:21:in 'Warden::JWTAuth::Middleware::RevocationManager#call'
rack (3.2.5) lib/rack/builder.rb:283:in 'Rack::Builder#call'
warden-jwt_auth (0.12.0) lib/warden/jwt_auth/middleware.rb:22:in 'Warden::JWTAuth::Middleware#call'
rack-session (2.1.1) lib/rack/session/abstract/id.rb:274:in 'Rack::Session::Abstract::Persisted#context'
rack-session (2.1.1) lib/rack/session/abstract/id.rb:268:in 'Rack::Session::Abstract::Persisted#call'
actionpack (8.1.3) lib/action_dispatch/middleware/cookies.rb:708:in 'ActionDispatch::Cookies#call'
warden (1.2.9) lib/warden/manager.rb:36:in 'block in Warden::Manager#call'
warden (1.2.9) lib/warden/manager.rb:34:in 'Kernel#catch'
warden (1.2.9) lib/warden/manager.rb:34:in 'Warden::Manager#call'
rack (3.2.5) lib/rack/etag.rb:29:in 'Rack::ETag#call'
rack (3.2.5) lib/rack/conditional_get.rb:44:in 'Rack::ConditionalGet#call'
rack (3.2.5) lib/rack/head.rb:15:in 'Rack::Head#call'
activerecord (8.1.3) lib/active_record/migration.rb:671:in 'ActiveRecord::Migration::CheckPending#call'
actionpack (8.1.3) lib/action_dispatch/middleware/callbacks.rb:31:in 'block in ActionDispatch::Callbacks#call'
activesupport (8.1.3) lib/active_support/callbacks.rb:101:in 'ActiveSupport::Callbacks#run_callbacks'
actionpack (8.1.3) lib/action_dispatch/middleware/callbacks.rb:30:in 'ActionDispatch::Callbacks#call'
actionpack (8.1.3) lib/action_dispatch/middleware/executor.rb:20:in 'ActionDispatch::Executor#call'
actionpack (8.1.3) lib/action_dispatch/middleware/actionable_exceptions.rb:18:in 'ActionDispatch::ActionableExceptions#call'
actionpack (8.1.3) lib/action_dispatch/middleware/debug_exceptions.rb:31:in 'ActionDispatch::DebugExceptions#call'
actionpack (8.1.3) lib/action_dispatch/middleware/show_exceptions.rb:32:in 'ActionDispatch::ShowExceptions#call'
railties (8.1.3) lib/rails/rack/logger.rb:41:in 'Rails::Rack::Logger#call_app'
railties (8.1.3) lib/rails/rack/logger.rb:29:in 'Rails::Rack::Logger#call'
actionpack (8.1.3) lib/action_dispatch/middleware/remote_ip.rb:98:in 'ActionDispatch::RemoteIp#call'
actionpack (8.1.3) lib/action_dispatch/middleware/request_id.rb:34:in 'ActionDispatch::RequestId#call'
rack (3.2.5) lib/rack/runtime.rb:24:in 'Rack::Runtime#call'
activesupport (8.1.3) lib/active_support/cache/strategy/local_cache_middleware.rb:30:in 'ActiveSupport::Cache::Strategy::LocalCache::Middleware#call'
actionpack (8.1.3) lib/action_dispatch/middleware/server_timing.rb:61:in 'block in ActionDispatch::ServerTiming#call'
actionpack (8.1.3) lib/action_dispatch/middleware/server_timing.rb:26:in 'ActionDispatch::ServerTiming::Subscriber#collect_events'
actionpack (8.1.3) lib/action_dispatch/middleware/server_timing.rb:60:in 'ActionDispatch::ServerTiming#call'
actionpack (8.1.3) lib/action_dispatch/middleware/executor.rb:20:in 'ActionDispatch::Executor#call'
actionpack (8.1.3) lib/action_dispatch/middleware/static.rb:27:in 'ActionDispatch::Static#call'
rack (3.2.5) lib/rack/sendfile.rb:131:in 'Rack::Sendfile#call'
actionpack (8.1.3) lib/action_dispatch/middleware/host_authorization.rb:143:in 'ActionDispatch::HostAuthorization#call'
rack-cors (3.0.0) lib/rack/cors.rb:102:in 'Rack::Cors#call'
railties (8.1.3) lib/rails/engine.rb:534:in 'Rails::Engine#call'
puma (7.2.0) lib/puma/configuration.rb:296:in 'Puma::Configuration::ConfigMiddleware#call'
puma (7.2.0) lib/puma/request.rb:103:in 'block in Puma::Request#handle_request'
puma (7.2.0) lib/puma/thread_pool.rb:355:in 'Puma::ThreadPool#with_force_shutdown'
puma (7.2.0) lib/puma/request.rb:102:in 'Puma::Request#handle_request'
puma (7.2.0) lib/puma/server.rb:503:in 'Puma::Server#process_client'
puma (7.2.0) lib/puma/server.rb:262:in 'block in Puma::Server#run'
puma (7.2.0) lib/puma/thread_pool.rb:182:in 'block in Puma::ThreadPool#spawn_thread'
Started POST "/users/sign_in" for ::1 at 2026-03-29 18:13:14 -0300
Processing by Users::SessionsController#create as */*
  Parameters: {"user" => {"email" => "[FILTERED]", "password" => "[FILTERED]"}, "session" => {"user" => {"email" => "[FILTERED]", "password" => "[FILTERED]"}}}
AUTH HEADER: 
  [1m[36mUser Load (0.2ms)[0m  [1m[34mSELECT "users".* FROM "users" WHERE "users"."email" = 'anaclimgo@gmail.com' ORDER BY "users"."id" ASC LIMIT 1 /*action='create',application='Backend',controller='sessions'*/[0m
  ↳ app/models/user.rb:19:in 'User.find_for_database_authentication'
Completed 200 OK in 248ms (Views: 1.3ms | ActiveRecord: 3.4ms (1 query, 0 cached) | GC: 0.7ms)


Started GET "/letters" for ::1 at 2026-03-29 18:13:14 -0300
Processing by LettersController#index as JSON
  Parameters: {"letter" => {}}
AUTH HEADER: Bearer eyJhbGciOiJIUzI1NiJ9.eyJzdWIiOiIxMiIsInNjcCI6InVzZXIiLCJhdWQiOm51bGwsImlhdCI6MTc3NDgxODc5NCwiZXhwIjoxNzc0OTA1MTk0LCJqdGkiOiJhODQ5MTMyOS00YjY5LTRmYjYtYjQ0Yi0yYTU5MDQ0NDk4ZmQifQ.ufHVD_im_U2Vj8YOqDQzqbOqbDY3M4A5hDV2zm9EhKI
Filter chain halted as :authenticate_user! rendered or redirected
Completed 401 Unauthorized in 1ms (Views: 0.1ms | ActiveRecord: 1.0ms (0 queries, 0 cached) | GC: 0.0ms)


Started GET "/letters" for ::1 at 2026-03-29 18:13:14 -0300
Processing by LettersController#index as JSON
  Parameters: {"letter" => {}}
AUTH HEADER: Bearer eyJhbGciOiJIUzI1NiJ9.eyJzdWIiOiIxMiIsInNjcCI6InVzZXIiLCJhdWQiOm51bGwsImlhdCI6MTc3NDgxODc5NCwiZXhwIjoxNzc0OTA1MTk0LCJqdGkiOiJhODQ5MTMyOS00YjY5LTRmYjYtYjQ0Yi0yYTU5MDQ0NDk4ZmQifQ.ufHVD_im_U2Vj8YOqDQzqbOqbDY3M4A5hDV2zm9EhKI
Filter chain halted as :authenticate_user! rendered or redirected
Completed 401 Unauthorized in 0ms (Views: 0.1ms | ActiveRecord: 0.0ms (0 queries, 0 cached) | GC: 0.0ms)


Started POST "/users/sign_in" for ::1 at 2026-03-29 18:15:24 -0300
Processing by Users::SessionsController#create as */*
  Parameters: {"user" => {"email" => "[FILTERED]", "password" => "[FILTERED]"}, "session" => {"user" => {"email" => "[FILTERED]", "password" => "[FILTERED]"}}}
AUTH HEADER: 
  [1m[36mUser Load (0.2ms)[0m  [1m[34mSELECT "users".* FROM "users" WHERE "users"."email" = 'anaclimgo@gmail.com' ORDER BY "users"."id" ASC LIMIT 1 /*action='create',application='Backend',controller='sessions'*/[0m
  ↳ app/models/user.rb:20:in 'User.find_for_database_authentication'
Completed 200 OK in 253ms (Views: 0.4ms | ActiveRecord: 4.2ms (1 query, 0 cached) | GC: 0.3ms)


Started GET "/letters" for ::1 at 2026-03-29 18:15:24 -0300
Processing by LettersController#index as JSON
  Parameters: {"letter" => {}}
AUTH HEADER: Bearer eyJhbGciOiJIUzI1NiJ9.eyJzdWIiOiIxMiIsInNjcCI6InVzZXIiLCJhdWQiOm51bGwsImlhdCI6MTc3NDgxODkyNCwiZXhwIjoxNzc0OTA1MzI0LCJqdGkiOiI1MzdiZjY0Ny0wNjdkLTQ4MjgtYTA2MC05N2Q0OGI0NjI0MmUifQ.UMiju8ExgNgQGa6Wiv2BDonSJu-fc1gmj8TWLwkTlIs
Filter chain halted as :authenticate_user! rendered or redirected
Completed 401 Unauthorized in 1ms (Views: 0.1ms | ActiveRecord: 1.0ms (0 queries, 0 cached) | GC: 0.2ms)


Started GET "/letters" for ::1 at 2026-03-29 18:15:24 -0300
Processing by LettersController#index as JSON
  Parameters: {"letter" => {}}
AUTH HEADER: Bearer eyJhbGciOiJIUzI1NiJ9.eyJzdWIiOiIxMiIsInNjcCI6InVzZXIiLCJhdWQiOm51bGwsImlhdCI6MTc3NDgxODkyNCwiZXhwIjoxNzc0OTA1MzI0LCJqdGkiOiI1MzdiZjY0Ny0wNjdkLTQ4MjgtYTA2MC05N2Q0OGI0NjI0MmUifQ.UMiju8ExgNgQGa6Wiv2BDonSJu-fc1gmj8TWLwkTlIs
Filter chain halted as :authenticate_user! rendered or redirected
Completed 401 Unauthorized in 1ms (Views: 0.1ms | ActiveRecord: 0.0ms (0 queries, 0 cached) | GC: 0.0ms)


Started POST "/users/sign_in" for ::1 at 2026-03-29 18:17:57 -0300
  [1m[36mActiveRecord::SchemaMigration Load (1.2ms)[0m  [1m[34mSELECT "schema_migrations"."version" FROM "schema_migrations" ORDER BY "schema_migrations"."version" ASC /*application='Backend'*/[0m
Processing by Users::SessionsController#create as */*
  Parameters: {"user" => {"email" => "[FILTERED]", "password" => "[FILTERED]"}, "session" => {"user" => {"email" => "[FILTERED]", "password" => "[FILTERED]"}}}
  [1m[36mUser Load (2.0ms)[0m  [1m[34mSELECT "users".* FROM "users" WHERE "users"."email" = 'anaclimgo@gmail.com' ORDER BY "users"."id" ASC LIMIT 1 /*action='create',application='Backend',controller='sessions'*/[0m
  ↳ app/models/user.rb:20:in 'User.find_for_database_authentication'
Completed 200 OK in 281ms (Views: 0.3ms | ActiveRecord: 15.0ms (1 query, 0 cached) | GC: 0.0ms)


Started GET "/letters" for ::1 at 2026-03-29 18:17:57 -0300
Processing by LettersController#index as JSON
  Parameters: {"letter" => {}}
  [1m[36mUser Load (0.2ms)[0m  [1m[34mSELECT "users".* FROM "users" WHERE "users"."id" = 12 LIMIT 1 /*action='index',application='Backend',controller='letters'*/[0m
  ↳ app/controllers/application_controller.rb:7:in 'ApplicationController#authenticate_user!'
  [1m[36mLetter Load (1.2ms)[0m  [1m[34mSELECT "letters".* FROM "letters" WHERE "letters"."user_id" = 12 /* loading for inspect */ ORDER BY "letters"."created_at" DESC LIMIT 11 /*action='index',application='Backend',controller='letters'*/[0m
  ↳ app/controllers/letters_controller.rb:8:in 'LettersController#index'
#<ActiveRecord::AssociationRelation [#<Letter id: 2, content: "meu niverrr", sender: "eu", recipient: "eu depois", deliver_at: "2026-08-07 00:00:00.000000000 +0000", readable_at: "2026-08-07 00:00:00.000000000 +0000", delivered: nil, user_id: 12, created_at: "2026-03-29 20:39:51.446289000 +0000", updated_at: "2026-03-29 20:39:51.446289000 +0000">, #<Letter id: 1, content: "emprego chegouuu", sender: "eu", recipient: "eu depois", deliver_at: "2026-04-03 00:00:00.000000000 +0000", readable_at: "2026-04-03 00:00:00.000000000 +0000", delivered: nil, user_id: 12, created_at: "2026-03-29 20:39:23.233136000 +0000", updated_at: "2026-03-29 20:39:23.233136000 +0000">]>
  [1m[36mLetter Load (0.3ms)[0m  [1m[34mSELECT "letters".* FROM "letters" WHERE "letters"."user_id" = 12 ORDER BY "letters"."created_at" DESC /*action='index',application='Backend',controller='letters'*/[0m
  ↳ app/controllers/letters_controller.rb:10:in 'Enumerable#map'
Completed 200 OK in 13ms (Views: 0.1ms | ActiveRecord: 3.3ms (3 queries, 0 cached) | GC: 0.0ms)


Started GET "/letters" for ::1 at 2026-03-29 18:17:57 -0300
Processing by LettersController#index as JSON
  Parameters: {"letter" => {}}
  [1m[36mUser Load (0.3ms)[0m  [1m[34mSELECT "users".* FROM "users" WHERE "users"."id" = 12 LIMIT 1 /*action='index',application='Backend',controller='letters'*/[0m
  ↳ app/controllers/application_controller.rb:7:in 'ApplicationController#authenticate_user!'
  [1m[36mLetter Load (0.1ms)[0m  [1m[34mSELECT "letters".* FROM "letters" WHERE "letters"."user_id" = 12 /* loading for inspect */ ORDER BY "letters"."created_at" DESC LIMIT 11 /*action='index',application='Backend',controller='letters'*/[0m
  ↳ app/controllers/letters_controller.rb:8:in 'LettersController#index'
#<ActiveRecord::AssociationRelation [#<Letter id: 2, content: "meu niverrr", sender: "eu", recipient: "eu depois", deliver_at: "2026-08-07 00:00:00.000000000 +0000", readable_at: "2026-08-07 00:00:00.000000000 +0000", delivered: nil, user_id: 12, created_at: "2026-03-29 20:39:51.446289000 +0000", updated_at: "2026-03-29 20:39:51.446289000 +0000">, #<Letter id: 1, content: "emprego chegouuu", sender: "eu", recipient: "eu depois", deliver_at: "2026-04-03 00:00:00.000000000 +0000", readable_at: "2026-04-03 00:00:00.000000000 +0000", delivered: nil, user_id: 12, created_at: "2026-03-29 20:39:23.233136000 +0000", updated_at: "2026-03-29 20:39:23.233136000 +0000">]>
  [1m[36mLetter Load (0.1ms)[0m  [1m[34mSELECT "letters".* FROM "letters" WHERE "letters"."user_id" = 12 ORDER BY "letters"."created_at" DESC /*action='index',application='Backend',controller='letters'*/[0m
  ↳ app/controllers/letters_controller.rb:10:in 'Enumerable#map'
Completed 200 OK in 3ms (Views: 0.1ms | ActiveRecord: 0.5ms (3 queries, 0 cached) | GC: 0.0ms)


